#
# There is insufficient memory for the Java Runtime Environment to continue.
# Native memory allocation (malloc) failed to allocate 1232176 bytes for Chunk::new
# Possible reasons:
#   The system is out of physical RAM or swap space
#   The process is running with CompressedOops enabled, and the Java Heap may be blocking the growth of the native heap
# Possible solutions:
#   Reduce memory load on the system
#   Increase physical memory or swap space
#   Check if swap backing store is full
#   Decrease Java heap size (-Xmx/-Xms)
#   Decrease number of Java threads
#   Decrease Java thread stack sizes (-Xss)
#   Set larger code cache with -XX:ReservedCodeCacheSize=
#   JVM is running with Unscaled Compressed Oops mode in which the Java heap is
#     placed in the first 4GB address space. The Java Heap base address is the
#     maximum limit for the native heap growth. Please use -XX:HeapBaseMinAddress
#     to set the Java Heap base and to place the Java Heap above 4GB virtual address.
# This output file may be truncated or incomplete.
#
#  Out of Memory Error (arena.cpp:189), pid=20356, tid=8768
#
# JRE version: OpenJDK Runtime Environment Temurin-17.0.1+12 (17.0.1+12) (build 17.0.1+12)
# Java VM: OpenJDK 64-Bit Server VM Temurin-17.0.1+12 (17.0.1+12, mixed mode, tiered, compressed oops, compressed class ptrs, g1 gc, windows-amd64)
# No core dump will be written. Minidumps are not enabled by default on client versions of Windows
#

---------------  S U M M A R Y ------------

Command Line: -Dfile.encoding=UTF-8 -XX:+ShowCodeDetailsInExceptionMessages com.cdac.MedicineTrackerAndPurchaseApplication

Host: Intel(R) Core(TM) i5-8250U CPU @ 1.60GHz, 8 cores, 7G,  Windows 10 , 64 bit Build 19041 (10.0.19041.1566)
Time: Thu Mar 31 01:25:01 2022 India Standard Time elapsed time: 1847.314504 seconds (0d 0h 30m 47s)

---------------  T H R E A D  ---------------

Current thread (0x000001adf48099a0):  JavaThread "C2 CompilerThread0" daemon [_thread_in_native, id=8768, stack(0x0000008701900000,0x0000008701a00000)]


Current CompileTask:
C2:1847334 11534       4       org.springframework.web.servlet.mvc.method.RequestMappingInfo::getMatchingCondition (182 bytes)

Stack: [0x0000008701900000,0x0000008701a00000]
Native frames: (J=compiled Java code, j=interpreted, Vv=VM code, C=native code)
V  [jvm.dll+0x6744da]
V  [jvm.dll+0x82e144]
V  [jvm.dll+0x82f8ee]
V  [jvm.dll+0x82ff53]
V  [jvm.dll+0x245175]
V  [jvm.dll+0xab85b]
V  [jvm.dll+0xabdec]
V  [jvm.dll+0x362eb2]
V  [jvm.dll+0x32d4c1]
V  [jvm.dll+0x32c96a]
V  [jvm.dll+0x218031]
V  [jvm.dll+0x217451]
V  [jvm.dll+0x1a355d]
V  [jvm.dll+0x226e38]
V  [jvm.dll+0x224f7c]
V  [jvm.dll+0x7e3f5b]
V  [jvm.dll+0x7de51a]
V  [jvm.dll+0x673305]
C  [ucrtbase.dll+0x21bb2]
C  [KERNEL32.DLL+0x17034]
C  [ntdll.dll+0x52651]


---------------  P R O C E S S  ---------------

Threads class SMR info:
_java_thread_list=0x000001adfbde0a00, length=29, elements={
0x000001adf3e8d010, 0x000001adf3e8e010, 0x000001adf3ee16a0, 0x000001adf3ee1f60,
0x000001adf3ee2fc0, 0x000001adf4808db0, 0x000001adf48099a0, 0x000001adf480ba50,
0x000001adf481f2c0, 0x000001adf497c720, 0x000001adf49968d0, 0x000001adf6f10600,
0x000001adf6f0edf0, 0x000001adf6f10ad0, 0x000001adf6f11470, 0x000001adf6f0e450,
0x000001adf6f0f790, 0x000001adf6f10fa0, 0x000001adf6f10130, 0x000001adf6f11e10,
0x000001adf9ea26c0, 0x000001adf9ea2b90, 0x000001adf9e9fb70, 0x000001adf9ea1850,
0x000001adf9ea0eb0, 0x000001adf9ea21f0, 0x000001adf9ea1380, 0x000001adf9ea1d20,
0x000001adf9e9f1d0
}

Java Threads: ( => current thread )
  0x000001adf3e8d010 JavaThread "Reference Handler" daemon [_thread_blocked, id=3224, stack(0x0000008701300000,0x0000008701400000)]
  0x000001adf3e8e010 JavaThread "Finalizer" daemon [_thread_blocked, id=21756, stack(0x0000008701400000,0x0000008701500000)]
  0x000001adf3ee16a0 JavaThread "Signal Dispatcher" daemon [_thread_blocked, id=11776, stack(0x0000008701500000,0x0000008701600000)]
  0x000001adf3ee1f60 JavaThread "Attach Listener" daemon [_thread_blocked, id=7152, stack(0x0000008701600000,0x0000008701700000)]
  0x000001adf3ee2fc0 JavaThread "Service Thread" daemon [_thread_blocked, id=10640, stack(0x0000008701700000,0x0000008701800000)]
  0x000001adf4808db0 JavaThread "Monitor Deflation Thread" daemon [_thread_blocked, id=16552, stack(0x0000008701800000,0x0000008701900000)]
=>0x000001adf48099a0 JavaThread "C2 CompilerThread0" daemon [_thread_in_native, id=8768, stack(0x0000008701900000,0x0000008701a00000)]
  0x000001adf480ba50 JavaThread "C1 CompilerThread0" daemon [_thread_blocked, id=17528, stack(0x0000008701a00000,0x0000008701b00000)]
  0x000001adf481f2c0 JavaThread "Sweeper thread" daemon [_thread_blocked, id=4980, stack(0x0000008701b00000,0x0000008701c00000)]
  0x000001adf497c720 JavaThread "Notification Thread" daemon [_thread_blocked, id=19224, stack(0x0000008701c00000,0x0000008701d00000)]
  0x000001adf49968d0 JavaThread "Common-Cleaner" daemon [_thread_blocked, id=3552, stack(0x0000008701e00000,0x0000008701f00000)]
  0x000001adf6f10600 JavaThread "Catalina-utility-1" [_thread_blocked, id=18076, stack(0x0000008702700000,0x0000008702800000)]
  0x000001adf6f0edf0 JavaThread "Catalina-utility-2" [_thread_blocked, id=12184, stack(0x0000008702a00000,0x0000008702b00000)]
  0x000001adf6f10ad0 JavaThread "container-0" [_thread_blocked, id=10576, stack(0x0000008702b00000,0x0000008702c00000)]
  0x000001adf6f11470 JavaThread "mysql-cj-abandoned-connection-cleanup" daemon [_thread_blocked, id=10732, stack(0x0000008702c00000,0x0000008702d00000)]
  0x000001adf6f0e450 JavaThread "HikariPool-1 housekeeper" daemon [_thread_blocked, id=5068, stack(0x0000008701f00000,0x0000008702000000)]
  0x000001adf6f0f790 JavaThread "http-nio-8081-exec-1" daemon [_thread_blocked, id=19944, stack(0x0000008703000000,0x0000008703100000)]
  0x000001adf6f10fa0 JavaThread "http-nio-8081-exec-2" daemon [_thread_in_Java, id=17292, stack(0x0000008703100000,0x0000008703200000)]
  0x000001adf6f10130 JavaThread "http-nio-8081-exec-3" daemon [_thread_in_Java, id=5976, stack(0x0000008703200000,0x0000008703300000)]
  0x000001adf6f11e10 JavaThread "http-nio-8081-exec-4" daemon [_thread_in_Java, id=11100, stack(0x0000008703300000,0x0000008703400000)]
  0x000001adf9ea26c0 JavaThread "http-nio-8081-exec-5" daemon [_thread_in_Java, id=9832, stack(0x0000008703400000,0x0000008703500000)]
  0x000001adf9ea2b90 JavaThread "http-nio-8081-exec-6" daemon [_thread_blocked, id=8072, stack(0x0000008703500000,0x0000008703600000)]
  0x000001adf9e9fb70 JavaThread "http-nio-8081-exec-7" daemon [_thread_in_Java, id=17124, stack(0x0000008703600000,0x0000008703700000)]
  0x000001adf9ea1850 JavaThread "http-nio-8081-exec-8" daemon [_thread_blocked, id=14880, stack(0x0000008703700000,0x0000008703800000)]
  0x000001adf9ea0eb0 JavaThread "http-nio-8081-exec-9" daemon [_thread_in_Java, id=18964, stack(0x0000008703800000,0x0000008703900000)]
  0x000001adf9ea21f0 JavaThread "http-nio-8081-exec-10" daemon [_thread_blocked, id=22128, stack(0x0000008703900000,0x0000008703a00000)]
  0x000001adf9ea1380 JavaThread "http-nio-8081-Poller" daemon [_thread_in_native, id=17992, stack(0x0000008703a00000,0x0000008703b00000)]
  0x000001adf9ea1d20 JavaThread "http-nio-8081-Acceptor" daemon [_thread_in_native, id=16840, stack(0x0000008703b00000,0x0000008703c00000)]
  0x000001adf9e9f1d0 JavaThread "DestroyJavaVM" [_thread_blocked, id=18060, stack(0x0000008700c00000,0x0000008700d00000)]

Other Threads:
  0x000001adf3ea8d00 VMThread "VM Thread" [stack: 0x0000008701200000,0x0000008701300000] [id=10300]
  0x000001adf497ec00 WatcherThread [stack: 0x0000008701d00000,0x0000008701e00000] [id=19192]
  0x000001add9fb7c20 GCTaskThread "GC Thread#0" [stack: 0x0000008700d00000,0x0000008700e00000] [id=1824]
  0x000001adf61bb3f0 GCTaskThread "GC Thread#1" [stack: 0x0000008702000000,0x0000008702100000] [id=8280]
  0x000001adf61749a0 GCTaskThread "GC Thread#2" [stack: 0x0000008702100000,0x0000008702200000] [id=20404]
  0x000001adf61b6ff0 GCTaskThread "GC Thread#3" [stack: 0x0000008702200000,0x0000008702300000] [id=9644]
  0x000001adf6190f10 GCTaskThread "GC Thread#4" [stack: 0x0000008702300000,0x0000008702400000] [id=10508]
  0x000001adf6293030 GCTaskThread "GC Thread#5" [stack: 0x0000008702400000,0x0000008702500000] [id=13388]
  0x000001adf62952f0 GCTaskThread "GC Thread#6" [stack: 0x0000008702500000,0x0000008702600000] [id=18632]
  0x000001adf67caaa0 GCTaskThread "GC Thread#7" [stack: 0x0000008702800000,0x0000008702900000] [id=19232]
  0x000001add9fc87e0 ConcurrentGCThread "G1 Main Marker" [stack: 0x0000008700e00000,0x0000008700f00000] [id=13772]
  0x000001add9fca9a0 ConcurrentGCThread "G1 Conc#0" [stack: 0x0000008700f00000,0x0000008701000000] [id=2484]
  0x000001adf6d129e0 ConcurrentGCThread "G1 Conc#1" [stack: 0x0000008702900000,0x0000008702a00000] [id=22332]
  0x000001adda042fe0 ConcurrentGCThread "G1 Refine#0" [stack: 0x0000008701000000,0x0000008701100000] [id=22368]
  0x000001adda043910 ConcurrentGCThread "G1 Service" [stack: 0x0000008701100000,0x0000008701200000] [id=13080]

Threads with active compile tasks:
C2 CompilerThread0  1847808 11534       4       org.springframework.web.servlet.mvc.method.RequestMappingInfo::getMatchingCondition (182 bytes)
C2 CompilerThread1  1847808 11557       4       org.apache.catalina.webresources.StandardRoot::getResourceInternal (172 bytes)

VM state: not at safepoint (normal execution)

VM Mutex/Monitor currently owned by a thread: None

Heap address: 0x0000000081c00000, size: 2020 MB, Compressed Oops mode: 32-bit

CDS archive(s) not mapped
Compressed class space mapped at: 0x0000000100000000-0x0000000140000000, reserved size: 1073741824
Narrow klass base: 0x0000000000000000, Narrow klass shift: 3, Narrow klass range: 0x140000000

GC Precious Log:
 CPUs: 8 total, 8 available
 Memory: 8078M
 Large Page Support: Disabled
 NUMA Support: Disabled
 Compressed Oops: Enabled (32-bit)
 Heap Region Size: 1M
 Heap Min Capacity: 8M
 Heap Initial Capacity: 128M
 Heap Max Capacity: 2020M
 Pre-touch: Disabled
 Parallel Workers: 8
 Concurrent Workers: 2
 Concurrent Refinement Workers: 8
 Periodic GC: Disabled

Heap:
 garbage-first heap   total 73728K, used 40511K [0x0000000081c00000, 0x0000000100000000)
  region size 1024K, 15 young (15360K), 1 survivors (1024K)
 Metaspace       used 71001K, committed 71424K, reserved 1114112K
  class space    used 8510K, committed 8704K, reserved 1048576K

Heap Regions: E=young(eden), S=young(survivor), O=old, HS=humongous(starts), HC=humongous(continues), CS=collection set, F=free, OA=open archive, CA=closed archive, TAMS=top-at-mark-start (previous, next)
|   0|0x0000000081c00000, 0x0000000081d00000, 0x0000000081d00000|100%|HS|  |TAMS 0x0000000081d00000, 0x0000000081c00000| Complete 
|   1|0x0000000081d00000, 0x0000000081e00000, 0x0000000081e00000|100%| O|  |TAMS 0x0000000081e00000, 0x0000000081d00000| Untracked 
|   2|0x0000000081e00000, 0x0000000081f00000, 0x0000000081f00000|100%| O|  |TAMS 0x0000000081f00000, 0x0000000081e00000| Untracked 
|   3|0x0000000081f00000, 0x0000000082000000, 0x0000000082000000|100%| O|  |TAMS 0x0000000082000000, 0x0000000081f00000| Untracked 
|   4|0x0000000082000000, 0x0000000082100000, 0x0000000082100000|100%| O|  |TAMS 0x0000000082100000, 0x0000000082000000| Untracked 
|   5|0x0000000082100000, 0x0000000082200000, 0x0000000082200000|100%| O|  |TAMS 0x0000000082200000, 0x0000000082100000| Untracked 
|   6|0x0000000082200000, 0x0000000082300000, 0x0000000082300000|100%| O|  |TAMS 0x0000000082300000, 0x0000000082200000| Untracked 
|   7|0x0000000082300000, 0x0000000082400000, 0x0000000082400000|100%| O|  |TAMS 0x0000000082400000, 0x0000000082300000| Untracked 
|   8|0x0000000082400000, 0x0000000082500000, 0x0000000082500000|100%| O|  |TAMS 0x0000000082500000, 0x0000000082400000| Untracked 
|   9|0x0000000082500000, 0x0000000082600000, 0x0000000082600000|100%| O|  |TAMS 0x0000000082600000, 0x0000000082500000| Untracked 
|  10|0x0000000082600000, 0x00000000826ffff8, 0x0000000082700000| 99%| O|  |TAMS 0x00000000826ffff8, 0x0000000082600000| Untracked 
|  11|0x0000000082700000, 0x0000000082800000, 0x0000000082800000|100%| O|  |TAMS 0x0000000082800000, 0x0000000082700000| Untracked 
|  12|0x0000000082800000, 0x0000000082900000, 0x0000000082900000|100%| O|  |TAMS 0x0000000082900000, 0x0000000082800000| Untracked 
|  13|0x0000000082900000, 0x0000000082a00000, 0x0000000082a00000|100%| O|  |TAMS 0x0000000082a00000, 0x0000000082900000| Untracked 
|  14|0x0000000082a00000, 0x0000000082a50200, 0x0000000082b00000| 31%| O|  |TAMS 0x0000000082a50200, 0x0000000082a00000| Untracked 
|  15|0x0000000082b00000, 0x0000000082c00000, 0x0000000082c00000|100%| O|  |TAMS 0x0000000082c00000, 0x0000000082b00000| Untracked 
|  16|0x0000000082c00000, 0x0000000082d00000, 0x0000000082d00000|100%| O|  |TAMS 0x0000000082d00000, 0x0000000082c00000| Untracked 
|  17|0x0000000082d00000, 0x0000000082e00000, 0x0000000082e00000|100%| O|  |TAMS 0x0000000082e00000, 0x0000000082d00000| Untracked 
|  18|0x0000000082e00000, 0x0000000082f00000, 0x0000000082f00000|100%| O|  |TAMS 0x0000000082e7a400, 0x0000000082e00000| Untracked 
|  19|0x0000000082f00000, 0x0000000083000000, 0x0000000083000000|100%| O|  |TAMS 0x0000000082f00000, 0x0000000082f00000| Untracked 
|  20|0x0000000083000000, 0x0000000083100000, 0x0000000083100000|100%| O|  |TAMS 0x0000000083000000, 0x0000000083000000| Untracked 
|  21|0x0000000083100000, 0x0000000083200000, 0x0000000083200000|100%| O|  |TAMS 0x0000000083100000, 0x0000000083100000| Untracked 
|  22|0x0000000083200000, 0x0000000083300000, 0x0000000083300000|100%| O|  |TAMS 0x0000000083200000, 0x0000000083200000| Untracked 
|  23|0x0000000083300000, 0x0000000083400000, 0x0000000083400000|100%| O|  |TAMS 0x0000000083300000, 0x0000000083300000| Untracked 
|  24|0x0000000083400000, 0x0000000083500000, 0x0000000083500000|100%| O|  |TAMS 0x0000000083400000, 0x0000000083400000| Untracked 
|  25|0x0000000083500000, 0x0000000083600000, 0x0000000083600000|100%| O|  |TAMS 0x0000000083500000, 0x0000000083500000| Untracked 
|  26|0x0000000083600000, 0x0000000083700000, 0x0000000083700000|100%| O|  |TAMS 0x0000000083600000, 0x0000000083600000| Untracked 
|  27|0x0000000083700000, 0x0000000083721200, 0x0000000083800000| 12%| O|  |TAMS 0x0000000083700000, 0x0000000083700000| Untracked 
|  28|0x0000000083800000, 0x0000000083800000, 0x0000000083900000|  0%| F|  |TAMS 0x0000000083800000, 0x0000000083800000| Untracked 
|  29|0x0000000083900000, 0x0000000083900000, 0x0000000083a00000|  0%| F|  |TAMS 0x0000000083900000, 0x0000000083900000| Untracked 
|  30|0x0000000083a00000, 0x0000000083a00000, 0x0000000083b00000|  0%| F|  |TAMS 0x0000000083a00000, 0x0000000083a00000| Untracked 
|  31|0x0000000083b00000, 0x0000000083b00000, 0x0000000083c00000|  0%| F|  |TAMS 0x0000000083b00000, 0x0000000083b00000| Untracked 
|  32|0x0000000083c00000, 0x0000000083c00000, 0x0000000083d00000|  0%| F|  |TAMS 0x0000000083c00000, 0x0000000083c00000| Untracked 
|  33|0x0000000083d00000, 0x0000000083d00000, 0x0000000083e00000|  0%| F|  |TAMS 0x0000000083d00000, 0x0000000083d00000| Untracked 
|  34|0x0000000083e00000, 0x0000000083e00000, 0x0000000083f00000|  0%| F|  |TAMS 0x0000000083e00000, 0x0000000083e00000| Untracked 
|  35|0x0000000083f00000, 0x0000000083f00000, 0x0000000084000000|  0%| F|  |TAMS 0x0000000083f00000, 0x0000000083f00000| Untracked 
|  36|0x0000000084000000, 0x0000000084000000, 0x0000000084100000|  0%| F|  |TAMS 0x0000000084000000, 0x0000000084000000| Untracked 
|  37|0x0000000084100000, 0x000000008411eab0, 0x0000000084200000| 11%| S|CS|TAMS 0x0000000084100000, 0x0000000084100000| Complete 
|  38|0x0000000084200000, 0x0000000084200000, 0x0000000084300000|  0%| F|  |TAMS 0x0000000084200000, 0x0000000084200000| Untracked 
|  39|0x0000000084300000, 0x0000000084300000, 0x0000000084400000|  0%| F|  |TAMS 0x0000000084300000, 0x0000000084300000| Untracked 
|  40|0x0000000084400000, 0x0000000084400000, 0x0000000084500000|  0%| F|  |TAMS 0x0000000084400000, 0x0000000084400000| Untracked 
|  41|0x0000000084500000, 0x0000000084500000, 0x0000000084600000|  0%| F|  |TAMS 0x0000000084500000, 0x0000000084500000| Untracked 
|  42|0x0000000084600000, 0x0000000084600000, 0x0000000084700000|  0%| F|  |TAMS 0x0000000084600000, 0x0000000084600000| Untracked 
|  43|0x0000000084700000, 0x0000000084700000, 0x0000000084800000|  0%| F|  |TAMS 0x0000000084700000, 0x0000000084700000| Untracked 
|  44|0x0000000084800000, 0x0000000084800000, 0x0000000084900000|  0%| F|  |TAMS 0x0000000084800000, 0x0000000084800000| Untracked 
|  45|0x0000000084900000, 0x0000000084900000, 0x0000000084a00000|  0%| F|  |TAMS 0x0000000084900000, 0x0000000084900000| Untracked 
|  46|0x0000000084a00000, 0x0000000084a00000, 0x0000000084b00000|  0%| F|  |TAMS 0x0000000084a00000, 0x0000000084a00000| Untracked 
|  47|0x0000000084b00000, 0x0000000084b00000, 0x0000000084c00000|  0%| F|  |TAMS 0x0000000084b00000, 0x0000000084b00000| Untracked 
|  48|0x0000000084c00000, 0x0000000084c00000, 0x0000000084d00000|  0%| F|  |TAMS 0x0000000084c00000, 0x0000000084c00000| Untracked 
|  49|0x0000000084d00000, 0x0000000084d00000, 0x0000000084e00000|  0%| F|  |TAMS 0x0000000084d00000, 0x0000000084d00000| Untracked 
|  50|0x0000000084e00000, 0x0000000084e00000, 0x0000000084f00000|  0%| F|  |TAMS 0x0000000084e00000, 0x0000000084e00000| Untracked 
|  51|0x0000000084f00000, 0x0000000084f00000, 0x0000000085000000|  0%| F|  |TAMS 0x0000000084f00000, 0x0000000084f00000| Untracked 
|  52|0x0000000085000000, 0x0000000085000000, 0x0000000085100000|  0%| F|  |TAMS 0x0000000085000000, 0x0000000085000000| Untracked 
|  53|0x0000000085100000, 0x0000000085100000, 0x0000000085200000|  0%| F|  |TAMS 0x0000000085100000, 0x0000000085100000| Untracked 
|  54|0x0000000085200000, 0x0000000085200000, 0x0000000085300000|  0%| F|  |TAMS 0x0000000085200000, 0x0000000085200000| Untracked 
|  55|0x0000000085300000, 0x0000000085300000, 0x0000000085400000|  0%| F|  |TAMS 0x0000000085300000, 0x0000000085300000| Untracked 
|  56|0x0000000085400000, 0x0000000085400000, 0x0000000085500000|  0%| F|  |TAMS 0x0000000085400000, 0x0000000085400000| Untracked 
|  57|0x0000000085500000, 0x0000000085500000, 0x0000000085600000|  0%| F|  |TAMS 0x0000000085500000, 0x0000000085500000| Untracked 
|  58|0x0000000085600000, 0x00000000856e8ff8, 0x0000000085700000| 91%| E|  |TAMS 0x0000000085600000, 0x0000000085600000| Complete 
|  59|0x0000000085700000, 0x0000000085800000, 0x0000000085800000|100%| E|CS|TAMS 0x0000000085700000, 0x0000000085700000| Complete 
|  60|0x0000000085800000, 0x0000000085900000, 0x0000000085900000|100%| E|CS|TAMS 0x0000000085800000, 0x0000000085800000| Complete 
|  61|0x0000000085900000, 0x0000000085a00000, 0x0000000085a00000|100%| E|CS|TAMS 0x0000000085900000, 0x0000000085900000| Complete 
|  62|0x0000000085a00000, 0x0000000085b00000, 0x0000000085b00000|100%| E|CS|TAMS 0x0000000085a00000, 0x0000000085a00000| Complete 
|  63|0x0000000085b00000, 0x0000000085c00000, 0x0000000085c00000|100%| E|CS|TAMS 0x0000000085b00000, 0x0000000085b00000| Complete 
|  64|0x0000000085c00000, 0x0000000085d00000, 0x0000000085d00000|100%| E|CS|TAMS 0x0000000085c00000, 0x0000000085c00000| Complete 
|  65|0x0000000085d00000, 0x0000000085e00000, 0x0000000085e00000|100%| E|CS|TAMS 0x0000000085d00000, 0x0000000085d00000| Complete 
|  66|0x0000000085e00000, 0x0000000085f00000, 0x0000000085f00000|100%| E|CS|TAMS 0x0000000085e00000, 0x0000000085e00000| Complete 
|  67|0x0000000085f00000, 0x0000000086000000, 0x0000000086000000|100%| E|CS|TAMS 0x0000000085f00000, 0x0000000085f00000| Complete 
|  68|0x0000000086000000, 0x0000000086100000, 0x0000000086100000|100%| E|CS|TAMS 0x0000000086000000, 0x0000000086000000| Complete 
|  69|0x0000000086100000, 0x0000000086200000, 0x0000000086200000|100%| E|CS|TAMS 0x0000000086100000, 0x0000000086100000| Complete 
|  70|0x0000000086200000, 0x0000000086300000, 0x0000000086300000|100%| E|CS|TAMS 0x0000000086200000, 0x0000000086200000| Complete 
| 127|0x0000000089b00000, 0x0000000089c00000, 0x0000000089c00000|100%| E|CS|TAMS 0x0000000089b00000, 0x0000000089b00000| Complete 

Card table byte_map: [0x000001adecd50000,0x000001aded150000] _byte_map_base: 0x000001adec942000

Marking Bits (Prev, Next): (CMBitMap*) 0x000001add9fb8270, (CMBitMap*) 0x000001add9fb8230
 Prev Bits: [0x000001adef4e0000, 0x000001adf1470000)
 Next Bits: [0x000001aded550000, 0x000001adef4e0000)

Polling page: 0x000001add9750000

Metaspace:

Usage:
  Non-class:     61.03 MB used.
      Class:      8.31 MB used.
       Both:     69.34 MB used.

Virtual space:
  Non-class space:       64.00 MB reserved,      61.25 MB ( 96%) committed,  8 nodes.
      Class space:        1.00 GB reserved,       8.50 MB ( <1%) committed,  1 nodes.
             Both:        1.06 GB reserved,      69.75 MB (  6%) committed. 

Chunk freelists:
   Non-Class:  2.42 MB
       Class:  3.50 MB
        Both:  5.92 MB

MaxMetaspaceSize: unlimited
CompressedClassSpaceSize: 1.00 GB
Initial GC threshold: 21.00 MB
Current GC threshold: 98.88 MB
CDS: off
MetaspaceReclaimPolicy: balanced
 - commit_granule_bytes: 65536.
 - commit_granule_words: 8192.
 - virtual_space_node_default_size: 1048576.
 - enlarge_chunks_in_place: 1.
 - new_chunks_are_fully_committed: 0.
 - uncommit_free_chunks: 1.
 - use_allocation_guard: 0.
 - handle_deallocations: 1.


Internal statistics:

num_allocs_failed_limit: 11.
num_arena_births: 526.
num_arena_deaths: 0.
num_vsnodes_births: 9.
num_vsnodes_deaths: 0.
num_space_committed: 1116.
num_space_uncommitted: 0.
num_chunks_returned_to_freelist: 11.
num_chunks_taken_from_freelist: 2686.
num_chunk_merges: 11.
num_chunk_splits: 1889.
num_chunks_enlarged: 1468.
num_purges: 0.
num_inconsistent_stats: 0.

CodeHeap 'non-profiled nmethods': size=120000Kb used=11260Kb max_used=11310Kb free=108739Kb
 bounds [0x000001ade50f0000, 0x000001ade5c00000, 0x000001adec620000]
CodeHeap 'profiled nmethods': size=120000Kb used=14455Kb max_used=20541Kb free=105544Kb
 bounds [0x000001adddbc0000, 0x000001addefd0000, 0x000001ade50f0000]
CodeHeap 'non-nmethods': size=5760Kb used=1330Kb max_used=1418Kb free=4429Kb
 bounds [0x000001addd620000, 0x000001addd890000, 0x000001adddbc0000]
 total_blobs=9657 nmethods=8997 adapters=570
 compilation: enabled
              stopped_count=0, restarted_count=0
 full_count=0

Compilation events (20 events):
Event: 1846.482 Thread 0x000001adf480ba50 11537       3       org.springframework.http.server.DefaultPathContainer::<init> (18 bytes)
Event: 1846.482 Thread 0x000001adf480ba50 nmethod 11537 0x000001adde981a90 code [0x000001adde981c40, 0x000001adde981ea8]
Event: 1846.507 Thread 0x000001adf480ba50 11541   !   3       org.apache.catalina.connector.CoyoteAdapter::postParseRequest (1106 bytes)
Event: 1846.571 Thread 0x000001adf480ba50 nmethod 11541 0x000001addec9d010 code [0x000001addec9dbc0, 0x000001addeca45c8]
Event: 1846.572 Thread 0x000001adf480ba50 11544       1       org.springframework.web.util.pattern.PathPattern::access$100 (5 bytes)
Event: 1846.572 Thread 0x000001adf480ba50 nmethod 11544 0x000001ade5bf6690 code [0x000001ade5bf6820, 0x000001ade5bf68d8]
Event: 1846.572 Thread 0x000001adf60b67e0 11540       4       org.springframework.web.util.pattern.LiteralPathElement::matches (235 bytes)
Event: 1846.590 Thread 0x000001adf60b67e0 nmethod 11540 0x000001ade5bf6990 code [0x000001ade5bf6b80, 0x000001ade5bf7328]
Event: 1846.590 Thread 0x000001adf60b67e0 11538       4       org.springframework.web.servlet.mvc.method.RequestMappingInfoHandlerMapping::handleMatch (82 bytes)
Event: 1846.644 Thread 0x000001adf480ba50 11545       3       org.apache.tomcat.util.buf.B2CConverter::convert (452 bytes)
Event: 1846.649 Thread 0x000001adf480ba50 nmethod 11545 0x000001addedea690 code [0x000001addedeabe0, 0x000001addededc98]
Event: 1846.767 Thread 0x000001adf60b67e0 nmethod 11538 0x000001ade5bf7a10 code [0x000001ade5bf7ce0, 0x000001ade5bf9170]
Event: 1846.768 Thread 0x000001adf60b67e0 11536       4       org.springframework.web.servlet.mvc.method.RequestMappingInfoHandlerMapping::handleMatch (11 bytes)
Event: 1846.769 Thread 0x000001adf60b67e0 nmethod 11536 0x000001ade5bfad10 code [0x000001ade5bfaea0, 0x000001ade5bfaf88]
Event: 1846.769 Thread 0x000001adf60b67e0 11542       4       org.apache.catalina.util.SessionConfig::getSessionUriParamName (14 bytes)
Event: 1846.773 Thread 0x000001adf60b67e0 nmethod 11542 0x000001ade5bfb090 code [0x000001ade5bfb220, 0x000001ade5bfb378]
Event: 1846.773 Thread 0x000001adf60b67e0 11543       4       org.apache.tomcat.util.buf.UDecoder::convert (8 bytes)
Event: 1846.774 Thread 0x000001adf60b67e0 nmethod 11543 0x000001ade5bfb590 code [0x000001ade5bfb720, 0x000001ade5bfb7c8]
Event: 1846.837 Thread 0x000001adf480ba50 11546       3       org.springframework.web.servlet.handler.AbstractHandlerMethodMapping::lookupHandlerMethod (385 bytes)
Event: 1846.896 Thread 0x000001adf480ba50 nmethod 11546 0x000001adde3b8190 code [0x000001adde3b8860, 0x000001adde3bc9b8]

GC Heap History (20 events):
Event: 1838.927 GC heap before
{Heap before GC invocations=1067 (full 0):
 garbage-first heap   total 73728K, used 62019K [0x0000000081c00000, 0x0000000100000000)
  region size 1024K, 35 young (35840K), 1 survivors (1024K)
 Metaspace       used 70932K, committed 71360K, reserved 1114112K
  class space    used 8500K, committed 8704K, reserved 1048576K
}
Event: 1838.928 GC heap after
{Heap after GC invocations=1068 (full 0):
 garbage-first heap   total 73728K, used 27182K [0x0000000081c00000, 0x0000000100000000)
  region size 1024K, 1 young (1024K), 1 survivors (1024K)
 Metaspace       used 70932K, committed 71360K, reserved 1114112K
  class space    used 8500K, committed 8704K, reserved 1048576K
}
Event: 1839.764 GC heap before
{Heap before GC invocations=1068 (full 0):
 garbage-first heap   total 73728K, used 61998K [0x0000000081c00000, 0x0000000100000000)
  region size 1024K, 35 young (35840K), 1 survivors (1024K)
 Metaspace       used 70932K, committed 71360K, reserved 1114112K
  class space    used 8500K, committed 8704K, reserved 1048576K
}
Event: 1839.766 GC heap after
{Heap after GC invocations=1069 (full 0):
 garbage-first heap   total 73728K, used 27192K [0x0000000081c00000, 0x0000000100000000)
  region size 1024K, 1 young (1024K), 1 survivors (1024K)
 Metaspace       used 70932K, committed 71360K, reserved 1114112K
  class space    used 8500K, committed 8704K, reserved 1048576K
}
Event: 1840.666 GC heap before
{Heap before GC invocations=1069 (full 0):
 garbage-first heap   total 73728K, used 62008K [0x0000000081c00000, 0x0000000100000000)
  region size 1024K, 35 young (35840K), 1 survivors (1024K)
 Metaspace       used 70932K, committed 71360K, reserved 1114112K
  class space    used 8500K, committed 8704K, reserved 1048576K
}
Event: 1840.667 GC heap after
{Heap after GC invocations=1070 (full 0):
 garbage-first heap   total 73728K, used 27211K [0x0000000081c00000, 0x0000000100000000)
  region size 1024K, 1 young (1024K), 1 survivors (1024K)
 Metaspace       used 70932K, committed 71360K, reserved 1114112K
  class space    used 8500K, committed 8704K, reserved 1048576K
}
Event: 1841.534 GC heap before
{Heap before GC invocations=1070 (full 0):
 garbage-first heap   total 73728K, used 62027K [0x0000000081c00000, 0x0000000100000000)
  region size 1024K, 35 young (35840K), 1 survivors (1024K)
 Metaspace       used 70932K, committed 71360K, reserved 1114112K
  class space    used 8500K, committed 8704K, reserved 1048576K
}
Event: 1841.535 GC heap after
{Heap after GC invocations=1071 (full 0):
 garbage-first heap   total 73728K, used 27195K [0x0000000081c00000, 0x0000000100000000)
  region size 1024K, 1 young (1024K), 1 survivors (1024K)
 Metaspace       used 70932K, committed 71360K, reserved 1114112K
  class space    used 8500K, committed 8704K, reserved 1048576K
}
Event: 1842.395 GC heap before
{Heap before GC invocations=1071 (full 0):
 garbage-first heap   total 73728K, used 62011K [0x0000000081c00000, 0x0000000100000000)
  region size 1024K, 35 young (35840K), 1 survivors (1024K)
 Metaspace       used 70932K, committed 71360K, reserved 1114112K
  class space    used 8500K, committed 8704K, reserved 1048576K
}
Event: 1842.397 GC heap after
{Heap after GC invocations=1072 (full 0):
 garbage-first heap   total 73728K, used 27174K [0x0000000081c00000, 0x0000000100000000)
  region size 1024K, 1 young (1024K), 1 survivors (1024K)
 Metaspace       used 70932K, committed 71360K, reserved 1114112K
  class space    used 8500K, committed 8704K, reserved 1048576K
}
Event: 1843.339 GC heap before
{Heap before GC invocations=1072 (full 0):
 garbage-first heap   total 73728K, used 61990K [0x0000000081c00000, 0x0000000100000000)
  region size 1024K, 35 young (35840K), 1 survivors (1024K)
 Metaspace       used 70932K, committed 71360K, reserved 1114112K
  class space    used 8500K, committed 8704K, reserved 1048576K
}
Event: 1843.341 GC heap after
{Heap after GC invocations=1073 (full 0):
 garbage-first heap   total 73728K, used 27195K [0x0000000081c00000, 0x0000000100000000)
  region size 1024K, 1 young (1024K), 1 survivors (1024K)
 Metaspace       used 70932K, committed 71360K, reserved 1114112K
  class space    used 8500K, committed 8704K, reserved 1048576K
}
Event: 1844.235 GC heap before
{Heap before GC invocations=1073 (full 0):
 garbage-first heap   total 73728K, used 62011K [0x0000000081c00000, 0x0000000100000000)
  region size 1024K, 35 young (35840K), 1 survivors (1024K)
 Metaspace       used 70932K, committed 71360K, reserved 1114112K
  class space    used 8500K, committed 8704K, reserved 1048576K
}
Event: 1844.237 GC heap after
{Heap after GC invocations=1074 (full 0):
 garbage-first heap   total 73728K, used 27205K [0x0000000081c00000, 0x0000000100000000)
  region size 1024K, 1 young (1024K), 1 survivors (1024K)
 Metaspace       used 70932K, committed 71360K, reserved 1114112K
  class space    used 8500K, committed 8704K, reserved 1048576K
}
Event: 1844.996 GC heap before
{Heap before GC invocations=1074 (full 0):
 garbage-first heap   total 73728K, used 62021K [0x0000000081c00000, 0x0000000100000000)
  region size 1024K, 35 young (35840K), 1 survivors (1024K)
 Metaspace       used 70932K, committed 71360K, reserved 1114112K
  class space    used 8500K, committed 8704K, reserved 1048576K
}
Event: 1844.998 GC heap after
{Heap after GC invocations=1075 (full 0):
 garbage-first heap   total 73728K, used 27201K [0x0000000081c00000, 0x0000000100000000)
  region size 1024K, 1 young (1024K), 1 survivors (1024K)
 Metaspace       used 70932K, committed 71360K, reserved 1114112K
  class space    used 8500K, committed 8704K, reserved 1048576K
}
Event: 1845.701 GC heap before
{Heap before GC invocations=1075 (full 0):
 garbage-first heap   total 73728K, used 62017K [0x0000000081c00000, 0x0000000100000000)
  region size 1024K, 35 young (35840K), 1 survivors (1024K)
 Metaspace       used 70932K, committed 71360K, reserved 1114112K
  class space    used 8500K, committed 8704K, reserved 1048576K
}
Event: 1845.702 GC heap after
{Heap after GC invocations=1076 (full 0):
 garbage-first heap   total 73728K, used 27200K [0x0000000081c00000, 0x0000000100000000)
  region size 1024K, 1 young (1024K), 1 survivors (1024K)
 Metaspace       used 70932K, committed 71360K, reserved 1114112K
  class space    used 8500K, committed 8704K, reserved 1048576K
}
Event: 1846.282 GC heap before
{Heap before GC invocations=1076 (full 0):
 garbage-first heap   total 73728K, used 62016K [0x0000000081c00000, 0x0000000100000000)
  region size 1024K, 35 young (35840K), 1 survivors (1024K)
 Metaspace       used 70932K, committed 71360K, reserved 1114112K
  class space    used 8500K, committed 8704K, reserved 1048576K
}
Event: 1846.283 GC heap after
{Heap after GC invocations=1077 (full 0):
 garbage-first heap   total 73728K, used 27196K [0x0000000081c00000, 0x0000000100000000)
  region size 1024K, 1 young (1024K), 1 survivors (1024K)
 Metaspace       used 70932K, committed 71360K, reserved 1114112K
  class space    used 8500K, committed 8704K, reserved 1048576K
}

Deoptimization events (20 events):
Event: 1846.393 Thread 0x000001adf9ea26c0 Uncommon trap: trap_request=0xffffffde fr.pc=0x000001ade55e9d24 relative=0x00000000000063c4
Event: 1846.393 Thread 0x000001adf9ea26c0 Uncommon trap: reason=class_check action=maybe_recompile pc=0x000001ade55e9d24 method=org.springframework.web.util.pattern.LiteralPathElement.matches(ILorg/springframework/web/util/pattern/PathPattern$MatchingContext;)Z @ 20 c2
Event: 1846.393 Thread 0x000001adf9ea26c0 DEOPT PACKING pc=0x000001ade55e9d24 sp=0x00000087034fe070
Event: 1846.393 Thread 0x000001adf9ea26c0 DEOPT UNPACKING pc=0x000001addd6723a3 sp=0x00000087034fde30 mode 2
Event: 1846.417 Thread 0x000001adf9ea26c0 Uncommon trap: trap_request=0xffffffde fr.pc=0x000001ade570a29c relative=0x000000000000061c
Event: 1846.417 Thread 0x000001adf9ea26c0 Uncommon trap: reason=class_check action=maybe_recompile pc=0x000001ade570a29c method=org.springframework.web.util.pattern.LiteralPathElement.matches(ILorg/springframework/web/util/pattern/PathPattern$MatchingContext;)Z @ 20 c2
Event: 1846.417 Thread 0x000001adf9ea26c0 DEOPT PACKING pc=0x000001ade570a29c sp=0x00000087034fde70
Event: 1846.418 Thread 0x000001adf9ea26c0 DEOPT UNPACKING pc=0x000001addd6723a3 sp=0x00000087034fdd90 mode 2
Event: 1846.418 Thread 0x000001adf9ea26c0 Uncommon trap: trap_request=0xffffffde fr.pc=0x000001ade565b338 relative=0x0000000000000538
Event: 1846.418 Thread 0x000001adf9ea26c0 Uncommon trap: reason=class_check action=maybe_recompile pc=0x000001ade565b338 method=org.springframework.web.util.pattern.LiteralPathElement.matches(ILorg/springframework/web/util/pattern/PathPattern$MatchingContext;)Z @ 20 c2
Event: 1846.418 Thread 0x000001adf9ea26c0 DEOPT PACKING pc=0x000001ade565b338 sp=0x00000087034fdde0
Event: 1846.418 Thread 0x000001adf9ea26c0 DEOPT UNPACKING pc=0x000001addd6723a3 sp=0x00000087034fdd88 mode 2
Event: 1846.418 Thread 0x000001adf9ea26c0 Uncommon trap: trap_request=0xffffff45 fr.pc=0x000001ade5ab943c relative=0x00000000000016bc
Event: 1846.424 Thread 0x000001adf9ea26c0 Uncommon trap: reason=unstable_if action=reinterpret pc=0x000001ade5ab943c method=org.springframework.web.servlet.handler.AbstractHandlerMethodMapping.lookupHandlerMethod(Ljava/lang/String;Ljavax/servlet/http/HttpServletRequest;)Lorg/springframework/web/m
Event: 1846.424 Thread 0x000001adf9ea26c0 DEOPT PACKING pc=0x000001ade5ab943c sp=0x00000087034fe230
Event: 1846.424 Thread 0x000001adf9ea26c0 DEOPT UNPACKING pc=0x000001addd6723a3 sp=0x00000087034fe1f8 mode 2
Event: 1846.816 Thread 0x000001adf9ea26c0 Uncommon trap: trap_request=0xffffff45 fr.pc=0x000001ade5aa554c relative=0x00000000000062ac
Event: 1846.816 Thread 0x000001adf9ea26c0 Uncommon trap: reason=unstable_if action=reinterpret pc=0x000001ade5aa554c method=org.springframework.web.servlet.handler.AbstractHandlerMethodMapping.getHandlerInternal(Ljavax/servlet/http/HttpServletRequest;)Lorg/springframework/web/method/HandlerMethod
Event: 1846.816 Thread 0x000001adf9ea26c0 DEOPT PACKING pc=0x000001ade5aa554c sp=0x00000087034fe2e0
Event: 1846.817 Thread 0x000001adf9ea26c0 DEOPT UNPACKING pc=0x000001addd6723a3 sp=0x00000087034fe058 mode 2

Classes unloaded (0 events):
No events

Classes redefined (0 events):
No events

Internal exceptions (20 events):
Event: 1769.426 Thread 0x000001adf8894660 Implicit null exception at 0x000001ade57b9489 to 0x000001ade57b9d70
Event: 1769.724 Thread 0x000001adf8894660 Implicit null exception at 0x000001ade5a89fb0 to 0x000001ade5a89fec
Event: 1770.450 Thread 0x000001adf88937f0 Exception <a 'java/io/IOException'{0x00000000841f7f50}> (0x00000000841f7f50) 
thrown [e:\jenkins\tmp\workspace\build\src\src\hotspot\share\prims\jni.cpp, line 516]
Event: 1770.648 Thread 0x000001adf88937f0 Exception <a 'java/io/IOException'{0x00000000841f8a90}> (0x00000000841f8a90) 
thrown [e:\jenkins\tmp\workspace\build\src\src\hotspot\share\prims\jni.cpp, line 516]
Event: 1772.974 Thread 0x000001adf8894660 Implicit null exception at 0x000001ade561c180 to 0x000001ade561c524
Event: 1774.072 Thread 0x000001adf8894660 Implicit null exception at 0x000001ade5609b40 to 0x000001ade560c0a8
Event: 1774.097 Thread 0x000001adf8894660 Implicit null exception at 0x000001ade55336a3 to 0x000001ade55345ec
Event: 1774.326 Thread 0x000001adf8894660 Implicit null exception at 0x000001ade5649ca0 to 0x000001ade564aa4c
Event: 1774.326 Thread 0x000001adf8894660 Implicit null exception at 0x000001ade561ec71 to 0x000001ade561f09c
Event: 1782.631 Thread 0x000001adfb96ad20 Exception <a 'java/io/IOException'{0x000000008471b6d0}> (0x000000008471b6d0) 
thrown [e:\jenkins\tmp\workspace\build\src\src\hotspot\share\prims\jni.cpp, line 516]
Event: 1782.713 Thread 0x000001adfb96a850 Implicit null exception at 0x000001ade5bb442f to 0x000001ade5bb54e4
Event: 1782.714 Thread 0x000001adfb96a850 Implicit null exception at 0x000001ade5bb442f to 0x000001ade5bb54e4
Event: 1782.714 Thread 0x000001adfb96a850 Implicit null exception at 0x000001ade5bb442f to 0x000001ade5bb54e4
Event: 1782.715 Thread 0x000001adfb96a850 Implicit null exception at 0x000001ade5bb442f to 0x000001ade5bb54e4
Event: 1782.732 Thread 0x000001adfb96ad20 Exception <a 'java/io/IOException'{0x000000008471e2c8}> (0x000000008471e2c8) 
thrown [e:\jenkins\tmp\workspace\build\src\src\hotspot\share\prims\jni.cpp, line 516]
Event: 1785.300 Thread 0x000001adfb96ad20 Exception <a 'java/io/IOException'{0x00000000845c13d0}> (0x00000000845c13d0) 
thrown [e:\jenkins\tmp\workspace\build\src\src\hotspot\share\prims\jni.cpp, line 516]
Event: 1785.300 Thread 0x000001adfb96ad20 Exception <a 'java/io/IOException'{0x00000000845c1f10}> (0x00000000845c1f10) 
thrown [e:\jenkins\tmp\workspace\build\src\src\hotspot\share\prims\jni.cpp, line 516]
Event: 1789.191 Thread 0x000001adfb96ad20 Exception <a 'java/io/IOException'{0x00000000852135b0}> (0x00000000852135b0) 
thrown [e:\jenkins\tmp\workspace\build\src\src\hotspot\share\prims\jni.cpp, line 516]
Event: 1789.191 Thread 0x000001adfb96ad20 Exception <a 'java/io/IOException'{0x00000000852140f0}> (0x00000000852140f0) 
thrown [e:\jenkins\tmp\workspace\build\src\src\hotspot\share\prims\jni.cpp, line 516]
Event: 1846.816 Thread 0x000001adf9ea26c0 Implicit null exception at 0x000001ade5a9f930 to 0x000001ade5aa5508

VM Operations (20 events):
Event: 1839.764 Executing VM operation: G1CollectForAllocation
Event: 1839.766 Executing VM operation: G1CollectForAllocation done
Event: 1840.666 Executing VM operation: G1CollectForAllocation
Event: 1840.668 Executing VM operation: G1CollectForAllocation done
Event: 1841.533 Executing VM operation: G1CollectForAllocation
Event: 1841.535 Executing VM operation: G1CollectForAllocation done
Event: 1842.395 Executing VM operation: G1CollectForAllocation
Event: 1842.397 Executing VM operation: G1CollectForAllocation done
Event: 1843.339 Executing VM operation: G1CollectForAllocation
Event: 1843.341 Executing VM operation: G1CollectForAllocation done
Event: 1844.235 Executing VM operation: G1CollectForAllocation
Event: 1844.237 Executing VM operation: G1CollectForAllocation done
Event: 1844.996 Executing VM operation: G1CollectForAllocation
Event: 1844.998 Executing VM operation: G1CollectForAllocation done
Event: 1845.701 Executing VM operation: G1CollectForAllocation
Event: 1845.702 Executing VM operation: G1CollectForAllocation done
Event: 1846.274 Executing VM operation: G1CollectForAllocation
Event: 1846.283 Executing VM operation: G1CollectForAllocation done
Event: 1846.285 Executing VM operation: HandshakeAllThreads
Event: 1846.314 Executing VM operation: HandshakeAllThreads done

Events (20 events):
Event: 1782.629 Thread 0x000001adfb96ad20 Thread added: 0x000001adfb96ad20
Event: 1782.629 Thread 0x000001adfb96a850 Thread added: 0x000001adfb96a850
Event: 1794.195 Thread 0x000001adfb96ad20 Thread exited: 0x000001adfb96ad20
Event: 1794.342 Thread 0x000001adfb96a850 Thread exited: 0x000001adfb96a850
Event: 1794.844 Thread 0x000001adfbb6fcf0 Thread added: 0x000001adfbb6fcf0
Event: 1794.844 Thread 0x000001adf8894660 Thread added: 0x000001adf8894660
Event: 1799.850 Thread 0x000001adfbb6fcf0 Thread exited: 0x000001adfbb6fcf0
Event: 1799.914 Thread 0x000001adf8894660 Thread exited: 0x000001adf8894660
Event: 1816.893 Thread 0x000001adfb96c060 Thread added: 0x000001adfb96c060
Event: 1821.895 Thread 0x000001adfb96c060 Thread exited: 0x000001adfb96c060
Event: 1846.572 Thread 0x000001adf60b67e0 Thread added: 0x000001adf60b67e0
Event: 1846.904 Thread 0x000001adf481f2c0 flushing nmethod 0x000001ade57a6c90
Event: 1846.909 Thread 0x000001adf481f2c0 flushing nmethod 0x000001ade5abc410
Event: 1846.909 Thread 0x000001adf481f2c0 flushing nmethod 0x000001ade5b11890
Event: 1846.910 Thread 0x000001adf481f2c0 flushing nmethod 0x000001adddbd3310
Event: 1846.941 Thread 0x000001adf481f2c0 flushing nmethod 0x000001adde660290
Event: 1846.942 Thread 0x000001adf481f2c0 flushing nmethod 0x000001adde74cc10
Event: 1846.942 Thread 0x000001adf481f2c0 flushing nmethod 0x000001adde77dc90
Event: 1846.945 Thread 0x000001adf481f2c0 flushing nmethod 0x000001adde974610
Event: 1846.946 Thread 0x000001adf481f2c0 flushing nmethod 0x000001adde9fbc90


Dynamic libraries:
0x00007ff699720000 - 0x00007ff69972e000 	C:\Program Files\eclipse\plugins\org.eclipse.justj.openjdk.hotspot.jre.full.win32.x86_64_17.0.1.v20211116-1657\jre\bin\javaw.exe
0x00007ffcd7ef0000 - 0x00007ffcd80e5000 	C:\WINDOWS\SYSTEM32\ntdll.dll
0x00007ffcd6640000 - 0x00007ffcd66fe000 	C:\WINDOWS\System32\KERNEL32.DLL
0x00007ffcd57b0000 - 0x00007ffcd5a78000 	C:\WINDOWS\System32\KERNELBASE.dll
0x00007ffcd5a80000 - 0x00007ffcd5b80000 	C:\WINDOWS\System32\ucrtbase.dll
0x00007ffcd0e60000 - 0x00007ffcd0e78000 	C:\Program Files\eclipse\plugins\org.eclipse.justj.openjdk.hotspot.jre.full.win32.x86_64_17.0.1.v20211116-1657\jre\bin\jli.dll
0x00007ffcd6e50000 - 0x00007ffcd6ff0000 	C:\WINDOWS\System32\USER32.dll
0x00007ffcd5e80000 - 0x00007ffcd5ea2000 	C:\WINDOWS\System32\win32u.dll
0x00007ffcd6610000 - 0x00007ffcd663b000 	C:\WINDOWS\System32\GDI32.dll
0x00007ffcce650000 - 0x00007ffcce8ea000 	C:\WINDOWS\WinSxS\amd64_microsoft.windows.common-controls_6595b64144ccf1df_6.0.19041.1110_none_60b5254171f9507e\COMCTL32.dll
0x00007ffcd5b80000 - 0x00007ffcd5c8b000 	C:\WINDOWS\System32\gdi32full.dll
0x00007ffcd7d50000 - 0x00007ffcd7dee000 	C:\WINDOWS\System32\msvcrt.dll
0x00007ffcd5eb0000 - 0x00007ffcd5f4d000 	C:\WINDOWS\System32\msvcp_win.dll
0x00007ffcd0690000 - 0x00007ffcd06a9000 	C:\Program Files\eclipse\plugins\org.eclipse.justj.openjdk.hotspot.jre.full.win32.x86_64_17.0.1.v20211116-1657\jre\bin\VCRUNTIME140.dll
0x00007ffcd65d0000 - 0x00007ffcd6600000 	C:\WINDOWS\System32\IMM32.DLL
0x00007ffcd2660000 - 0x00007ffcd266c000 	C:\Program Files\eclipse\plugins\org.eclipse.justj.openjdk.hotspot.jre.full.win32.x86_64_17.0.1.v20211116-1657\jre\bin\vcruntime140_1.dll
0x00007ffccd9c0000 - 0x00007ffccda51000 	C:\Program Files\eclipse\plugins\org.eclipse.justj.openjdk.hotspot.jre.full.win32.x86_64_17.0.1.v20211116-1657\jre\bin\msvcp140.dll
0x00007ffc9d480000 - 0x00007ffc9e0c6000 	C:\Program Files\eclipse\plugins\org.eclipse.justj.openjdk.hotspot.jre.full.win32.x86_64_17.0.1.v20211116-1657\jre\bin\server\jvm.dll
0x00007ffcd6410000 - 0x00007ffcd64be000 	C:\WINDOWS\System32\ADVAPI32.dll
0x00007ffcd7200000 - 0x00007ffcd729c000 	C:\WINDOWS\System32\sechost.dll
0x00007ffcd7720000 - 0x00007ffcd7845000 	C:\WINDOWS\System32\RPCRT4.dll
0x00007ffcd6600000 - 0x00007ffcd6608000 	C:\WINDOWS\System32\PSAPI.DLL
0x00007ffccf4b0000 - 0x00007ffccf4ba000 	C:\WINDOWS\SYSTEM32\VERSION.dll
0x00007ffcc09f0000 - 0x00007ffcc0a17000 	C:\WINDOWS\SYSTEM32\WINMM.dll
0x00007ffcbeb00000 - 0x00007ffcbeb09000 	C:\WINDOWS\SYSTEM32\WSOCK32.dll
0x00007ffcd7980000 - 0x00007ffcd79eb000 	C:\WINDOWS\System32\WS2_32.dll
0x00007ffcd3e60000 - 0x00007ffcd3e72000 	C:\WINDOWS\SYSTEM32\kernel.appcore.dll
0x00007ffca8720000 - 0x00007ffca872a000 	C:\Program Files\eclipse\plugins\org.eclipse.justj.openjdk.hotspot.jre.full.win32.x86_64_17.0.1.v20211116-1657\jre\bin\jimage.dll
0x00007ffcd33d0000 - 0x00007ffcd35b4000 	C:\WINDOWS\SYSTEM32\DBGHELP.DLL
0x00007ffcba490000 - 0x00007ffcba4bc000 	C:\WINDOWS\SYSTEM32\dbgcore.DLL
0x00007ffcd5df0000 - 0x00007ffcd5e72000 	C:\WINDOWS\System32\bcryptPrimitives.dll
0x00007ffca0dd0000 - 0x00007ffca0df5000 	C:\Program Files\eclipse\plugins\org.eclipse.justj.openjdk.hotspot.jre.full.win32.x86_64_17.0.1.v20211116-1657\jre\bin\java.dll
0x00007ffc9d460000 - 0x00007ffc9d478000 	C:\Program Files\eclipse\plugins\org.eclipse.justj.openjdk.hotspot.jre.full.win32.x86_64_17.0.1.v20211116-1657\jre\bin\zip.dll
0x00007ffcd6700000 - 0x00007ffcd6e44000 	C:\WINDOWS\System32\SHELL32.dll
0x00007ffcd36c0000 - 0x00007ffcd3e54000 	C:\WINDOWS\SYSTEM32\windows.storage.dll
0x00007ffcd5fd0000 - 0x00007ffcd6324000 	C:\WINDOWS\System32\combase.dll
0x00007ffcd4f20000 - 0x00007ffcd4f4c000 	C:\WINDOWS\SYSTEM32\Wldp.dll
0x00007ffcd6520000 - 0x00007ffcd65cd000 	C:\WINDOWS\System32\SHCORE.dll
0x00007ffcd64c0000 - 0x00007ffcd6515000 	C:\WINDOWS\System32\shlwapi.dll
0x00007ffcd5550000 - 0x00007ffcd556f000 	C:\WINDOWS\SYSTEM32\profapi.dll
0x00007ffc9d440000 - 0x00007ffc9d459000 	C:\Program Files\eclipse\plugins\org.eclipse.justj.openjdk.hotspot.jre.full.win32.x86_64_17.0.1.v20211116-1657\jre\bin\net.dll
0x00007ffccb5f0000 - 0x00007ffccb6f9000 	C:\WINDOWS\SYSTEM32\WINHTTP.dll
0x00007ffcd4ca0000 - 0x00007ffcd4d0a000 	C:\WINDOWS\system32\mswsock.dll
0x00007ffc9d420000 - 0x00007ffc9d435000 	C:\Program Files\eclipse\plugins\org.eclipse.justj.openjdk.hotspot.jre.full.win32.x86_64_17.0.1.v20211116-1657\jre\bin\nio.dll
0x00007ffca0dc0000 - 0x00007ffca0dd0000 	C:\Program Files\eclipse\plugins\org.eclipse.justj.openjdk.hotspot.jre.full.win32.x86_64_17.0.1.v20211116-1657\jre\bin\verify.dll
0x00007ffca1bd0000 - 0x00007ffca1bd9000 	C:\Program Files\eclipse\plugins\org.eclipse.justj.openjdk.hotspot.jre.full.win32.x86_64_17.0.1.v20211116-1657\jre\bin\management.dll
0x00007ffca14e0000 - 0x00007ffca14eb000 	C:\Program Files\eclipse\plugins\org.eclipse.justj.openjdk.hotspot.jre.full.win32.x86_64_17.0.1.v20211116-1657\jre\bin\management_ext.dll
0x00007ffccd4d0000 - 0x00007ffccd4e7000 	C:\WINDOWS\system32\napinsp.dll
0x00007ffccd460000 - 0x00007ffccd47b000 	C:\WINDOWS\system32\pnrpnsp.dll
0x00007ffccf6c0000 - 0x00007ffccf6d5000 	C:\WINDOWS\system32\wshbth.dll
0x00007ffccfe00000 - 0x00007ffccfe1d000 	C:\WINDOWS\system32\NLAapi.dll
0x00007ffcd49b0000 - 0x00007ffcd49eb000 	C:\WINDOWS\SYSTEM32\IPHLPAPI.DLL
0x00007ffcd4a50000 - 0x00007ffcd4b1a000 	C:\WINDOWS\SYSTEM32\DNSAPI.dll
0x00007ffcd7c20000 - 0x00007ffcd7c28000 	C:\WINDOWS\System32\NSI.dll
0x00007ffcce9c0000 - 0x00007ffcce9d2000 	C:\WINDOWS\System32\winrnr.dll
0x00007ffccd270000 - 0x00007ffccd27a000 	C:\Windows\System32\rasadhlp.dll
0x00007ffcca570000 - 0x00007ffcca5ef000 	C:\WINDOWS\System32\fwpuclnt.dll
0x00007ffcd5730000 - 0x00007ffcd5757000 	C:\WINDOWS\System32\bcrypt.dll
0x00007ffcd5120000 - 0x00007ffcd5138000 	C:\WINDOWS\SYSTEM32\CRYPTSP.dll
0x00007ffcd4640000 - 0x00007ffcd4674000 	C:\WINDOWS\system32\rsaenh.dll
0x00007ffcd5510000 - 0x00007ffcd553e000 	C:\WINDOWS\SYSTEM32\USERENV.dll
0x00007ffcd4e30000 - 0x00007ffcd4e3c000 	C:\WINDOWS\SYSTEM32\CRYPTBASE.dll
0x00007ffccd250000 - 0x00007ffccd267000 	C:\WINDOWS\SYSTEM32\dhcpcsvc6.DLL
0x00007ffccd610000 - 0x00007ffccd62d000 	C:\WINDOWS\SYSTEM32\dhcpcsvc.DLL
0x00007ffcb98c0000 - 0x00007ffcb98ce000 	C:\Program Files\eclipse\plugins\org.eclipse.justj.openjdk.hotspot.jre.full.win32.x86_64_17.0.1.v20211116-1657\jre\bin\sunmscapi.dll
0x00007ffcd5c90000 - 0x00007ffcd5de6000 	C:\WINDOWS\System32\CRYPT32.dll
0x00007ffcd4f90000 - 0x00007ffcd4fb7000 	C:\WINDOWS\SYSTEM32\ncrypt.dll
0x00007ffcd4f50000 - 0x00007ffcd4f8b000 	C:\WINDOWS\SYSTEM32\NTASN1.dll
0x00007ffcd0670000 - 0x00007ffcd0677000 	C:\WINDOWS\system32\wshunix.dll

dbghelp: loaded successfully - version: 4.0.5 - missing functions: none
symbol engine: initialized successfully - sym options: 0x614 - pdb path: .;C:\Program Files\eclipse\plugins\org.eclipse.justj.openjdk.hotspot.jre.full.win32.x86_64_17.0.1.v20211116-1657\jre\bin;C:\WINDOWS\SYSTEM32;C:\WINDOWS\WinSxS\amd64_microsoft.windows.common-controls_6595b64144ccf1df_6.0.19041.1110_none_60b5254171f9507e;C:\Program Files\eclipse\plugins\org.eclipse.justj.openjdk.hotspot.jre.full.win32.x86_64_17.0.1.v20211116-1657\jre\bin\server

VM Arguments:
jvm_args: -Dfile.encoding=UTF-8 -XX:+ShowCodeDetailsInExceptionMessages 
java_command: com.cdac.MedicineTrackerAndPurchaseApplication
java_class_path (initial): C:\Users\HP\eclipse-workspace\medicine-tracker-and-purchase\target\classes;C:\Users\HP\.m2\repository\org\springframework\boot\spring-boot-starter-data-jpa\2.6.4\spring-boot-starter-data-jpa-2.6.4.jar;C:\Users\HP\.m2\repository\org\springframework\boot\spring-boot-starter-aop\2.6.4\spring-boot-starter-aop-2.6.4.jar;C:\Users\HP\.m2\repository\org\springframework\spring-aop\5.3.16\spring-aop-5.3.16.jar;C:\Users\HP\.m2\repository\org\aspectj\aspectjweaver\1.9.7\aspectjweaver-1.9.7.jar;C:\Users\HP\.m2\repository\org\springframework\boot\spring-boot-starter-jdbc\2.6.4\spring-boot-starter-jdbc-2.6.4.jar;C:\Users\HP\.m2\repository\com\zaxxer\HikariCP\4.0.3\HikariCP-4.0.3.jar;C:\Users\HP\.m2\repository\org\springframework\spring-jdbc\5.3.16\spring-jdbc-5.3.16.jar;C:\Users\HP\.m2\repository\jakarta\transaction\jakarta.transaction-api\1.3.3\jakarta.transaction-api-1.3.3.jar;C:\Users\HP\.m2\repository\jakarta\persistence\jakarta.persistence-api\2.2.3\jakarta.persistence-api-2.2.3.jar;C:\Users\HP\.m2\repository\org\hibernate\hibernate-core\5.6.5.Final\hibernate-core-5.6.5.Final.jar;C:\Users\HP\.m2\repository\org\jboss\logging\jboss-logging\3.4.3.Final\jboss-logging-3.4.3.Final.jar;C:\Users\HP\.m2\repository\net\bytebuddy\byte-buddy\1.11.22\byte-buddy-1.11.22.jar;C:\Users\HP\.m2\repository\antlr\antlr\2.7.7\antlr-2.7.7.jar;C:\Users\HP\.m2\repository\org\jboss\jandex\2.4.2.Final\jandex-2.4.2.Final.jar;C:\Users\HP\.m2\repository\com\fasterxml\classmate\1.5.1\classmate-1.5.1.jar;C:\Users\HP\.m2\repository\org\hibernate\common\hibernate-commons-annotations\5.1.2.Final\hibernate-commons-annotations-5.1.2.Final.jar;C:\Users\HP\.m2\repository\org\glassfish\jaxb\jaxb-runtime\2.3.6\jaxb-runtime-2.3.6.jar;C:\Users\HP\.m2\repository\org\glassfish\jaxb\txw2\2.3.6\txw2-2.3.6.jar;C:\Users\HP\.m2\repository\com\sun\istack\istack-commons-runtime\3.0.12\istack-commons-runtime-3.0.12.jar;C:\Users\HP\.m2\repository\com\sun\activation\jakarta.activation\1.2.2\jakarta.ac
Launcher Type: SUN_STANDARD

[Global flags]
     intx CICompilerCount                          = 4                                         {product} {ergonomic}
     uint ConcGCThreads                            = 2                                         {product} {ergonomic}
     uint G1ConcRefinementThreads                  = 8                                         {product} {ergonomic}
   size_t G1HeapRegionSize                         = 1048576                                   {product} {ergonomic}
    uintx GCDrainStackTargetSize                   = 64                                        {product} {ergonomic}
   size_t InitialHeapSize                          = 134217728                                 {product} {ergonomic}
   size_t MarkStackSize                            = 4194304                                   {product} {ergonomic}
   size_t MaxHeapSize                              = 2118123520                                {product} {ergonomic}
   size_t MaxNewSize                               = 1270874112                                {product} {ergonomic}
   size_t MinHeapDeltaBytes                        = 1048576                                   {product} {ergonomic}
   size_t MinHeapSize                              = 8388608                                   {product} {ergonomic}
    uintx NonNMethodCodeHeapSize                   = 5839372                                {pd product} {ergonomic}
    uintx NonProfiledCodeHeapSize                  = 122909434                              {pd product} {ergonomic}
    uintx ProfiledCodeHeapSize                     = 122909434                              {pd product} {ergonomic}
    uintx ReservedCodeCacheSize                    = 251658240                              {pd product} {ergonomic}
     bool SegmentedCodeCache                       = true                                      {product} {ergonomic}
     bool ShowCodeDetailsInExceptionMessages       = true                                   {manageable} {command line}
   size_t SoftMaxHeapSize                          = 2118123520                             {manageable} {ergonomic}
     bool UseCompressedClassPointers               = true                           {product lp64_product} {ergonomic}
     bool UseCompressedOops                        = true                           {product lp64_product} {ergonomic}
     bool UseG1GC                                  = true                                      {product} {ergonomic}
     bool UseLargePagesIndividualAllocation        = false                                  {pd product} {ergonomic}

Logging:
Log output configuration:
 #0: stdout all=warning uptime,level,tags
 #1: stderr all=off uptime,level,tags

Environment Variables:
PATH=C:/Program Files/eclipse//plugins/org.eclipse.justj.openjdk.hotspot.jre.full.win32.x86_64_17.0.1.v20211116-1657/jre/bin/server;C:/Program Files/eclipse//plugins/org.eclipse.justj.openjdk.hotspot.jre.full.win32.x86_64_17.0.1.v20211116-1657/jre/bin;C:\oraclexe\app\oracle\product\11.2.0\server\bin;C:\Program Files\Common Files\Oracle\Java\javapath;C:\Program Files\Python39\Scripts\;C:\Program Files\Python39\;C:\Program Files (x86)\Common Files\Oracle\Java\javapath;C:\ProgramData\Oracle\Java\javapath;"C:\ProgramData\Oracle\Java\javapath;C:\Program Files\Java\jre1.8.0_131\bin";";";C:\Program Files\Java\jdk1.8.0_131\bin;C:\Program Files (x86)\Intel\iCLS Client\;C:\Program Files\Intel\iCLS Client\;C:\windows\system32;C:\windows;C:\windows\System32\Wbem;C:\windows\System32\WindowsPowerShell\v1.0\;C:\Program Files (x86)\NVIDIA Corporation\PhysX\Common;C:\WINDOWS\system32;C:\WINDOWS;C:\WINDOWS\System32\Wbem;C:\WINDOWS\System32\WindowsPowerShell\v1.0\;C:\WINDOWS\System32\OpenSSH\;C:\Program Files (x86)\Intel\Intel(R) Management Engine Components\DAL;C:\Program Files\Intel\Intel(R) Management Engine Components\DAL;C:\Program Files (x86)\Intel\Intel(R) Management Engine Components\IPT;C:\Program Files\Intel\Intel(R) Management Engine Components\IPT;C:\Program Files\Intel\WiFi\bin\;C:\Program Files\Common Files\Intel\WirelessCommon\;C:\TDM-GCC-64\bin;C:\Program Files (x86)\Java\jdk1.6.0_11\bin;C:\Program Files (x86)\Java\jre6\bin;C:\Program Files\Java\jre1.8.0_131\bin;C:\Python;C:\Program Files\Java\jdk-16.0.1\bin;C:\Program Files\Git\cmd;C:\Program Files\nodejs\;C:\Program Files\dotnet\;C:\Program Files\Microsoft SQL Server\130\Tools\Binn\;C:\Program Files\Microsoft SQL Server\Client SDK\ODBC\170\Tools\Binn\;C:\Users\HP\AppData\Local\Programs\Python\Python37\Scripts\;C:\Users\HP\AppData\Local\Programs\Python\Python37\;C:\Python\Python37\Scripts\;C:\Python\Python37\;C:\Users\HP\AppData\Local\Microsoft\WindowsApps;C:\Program Files\JetBrains\PyCharm Community Edition 2021.1.1\bin
USERNAME=HP
OS=Windows_NT
PROCESSOR_IDENTIFIER=Intel64 Family 6 Model 142 Stepping 10, GenuineIntel



---------------  S Y S T E M  ---------------

OS:
 Windows 10 , 64 bit Build 19041 (10.0.19041.1566)
OS uptime: 0 days 15:17 hours
Hyper-V role detected

CPU: total 8 (initial active 8) (4 cores per cpu, 2 threads per core) family 6 model 142 stepping 10 microcode 0xea, cx8, cmov, fxsr, ht, mmx, 3dnowpref, sse, sse2, sse3, ssse3, sse4.1, sse4.2, popcnt, lzcnt, tsc, tscinvbit, avx, avx2, aes, erms, clmul, bmi1, bmi2, adx, fma, vzeroupper, clflush, clflushopt, hv

Memory: 4k page, system-wide physical 8078M (2649M free)
TotalPageFile size 32654M (AvailPageFile size 111M)
current process WorkingSet (physical memory assigned to process): 180M, peak: 269M
current process commit charge ("private bytes"): 305M, peak: 307M

vm_info: OpenJDK 64-Bit Server VM (17.0.1+12) for windows-amd64 JRE (17.0.1+12), built on Oct 20 2021 07:42:55 by "" with MS VC++ 16.7 (VS2019)

END.
