#
# There is insufficient memory for the Java Runtime Environment to continue.
# Native memory allocation (malloc) failed to allocate 1150528 bytes for Chunk::new
# Possible reasons:
#   The system is out of physical RAM or swap space
#   The process is running with CompressedOops enabled, and the Java Heap may be blocking the growth of the native heap
# Possible solutions:
#   Reduce memory load on the system
#   Increase physical memory or swap space
#   Check if swap backing store is full
#   Decrease Java heap size (-Xmx/-Xms)
#   Decrease number of Java threads
#   Decrease Java thread stack sizes (-Xss)
#   Set larger code cache with -XX:ReservedCodeCacheSize=
#   JVM is running with Unscaled Compressed Oops mode in which the Java heap is
#     placed in the first 4GB address space. The Java Heap base address is the
#     maximum limit for the native heap growth. Please use -XX:HeapBaseMinAddress
#     to set the Java Heap base and to place the Java Heap above 4GB virtual address.
# This output file may be truncated or incomplete.
#
#  Out of Memory Error (arena.cpp:189), pid=12256, tid=16268
#
# JRE version: OpenJDK Runtime Environment Temurin-17.0.1+12 (17.0.1+12) (build 17.0.1+12)
# Java VM: OpenJDK 64-Bit Server VM Temurin-17.0.1+12 (17.0.1+12, mixed mode, tiered, compressed oops, compressed class ptrs, g1 gc, windows-amd64)
# No core dump will be written. Minidumps are not enabled by default on client versions of Windows
#

---------------  S U M M A R Y ------------

Command Line: -Dfile.encoding=UTF-8 -XX:+ShowCodeDetailsInExceptionMessages com.cdac.MedicineTrackerAndPurchaseApplication

Host: Intel(R) Core(TM) i5-8250U CPU @ 1.60GHz, 8 cores, 7G,  Windows 10 , 64 bit Build 19041 (10.0.19041.1566)
Time: Thu Mar 31 00:40:43 2022 India Standard Time elapsed time: 25353.972649 seconds (0d 7h 2m 33s)

---------------  T H R E A D  ---------------

Current thread (0x00000292ce8a9a30):  JavaThread "C2 CompilerThread0" daemon [_thread_in_native, id=16268, stack(0x000000b8be100000,0x000000b8be200000)]


Current CompileTask:
C2:25353972 13024   !   4       org.apache.catalina.connector.CoyoteAdapter::service (896 bytes)

Stack: [0x000000b8be100000,0x000000b8be200000]
Native frames: (J=compiled Java code, j=interpreted, Vv=VM code, C=native code)
V  [jvm.dll+0x6744da]
V  [jvm.dll+0x82e144]
V  [jvm.dll+0x82f8ee]
V  [jvm.dll+0x82ff53]
V  [jvm.dll+0x245175]
V  [jvm.dll+0xab85b]
V  [jvm.dll+0xabdec]
V  [jvm.dll+0x362f07]
V  [jvm.dll+0x32d4c1]
V  [jvm.dll+0x32c96a]
V  [jvm.dll+0x218031]
V  [jvm.dll+0x217451]
V  [jvm.dll+0x1a355d]
V  [jvm.dll+0x226e38]
V  [jvm.dll+0x224f7c]
V  [jvm.dll+0x7e3f5b]
V  [jvm.dll+0x7de51a]
V  [jvm.dll+0x673305]
C  [ucrtbase.dll+0x21bb2]
C  [KERNEL32.DLL+0x17034]
C  [ntdll.dll+0x52651]


---------------  P R O C E S S  ---------------

Threads class SMR info:
_java_thread_list=0x00000292cf937c80, length=29, elements={
0x00000292ce870400, 0x00000292ce871c90, 0x00000292ce8a0040, 0x00000292ce8a2a00,
0x00000292ce8a3b50, 0x00000292ce8a85b0, 0x00000292ce8a9a30, 0x00000292ce8abe90,
0x00000292ce8ad800, 0x00000292cf57a530, 0x00000292cf57aff0, 0x00000292d2a46c40,
0x00000292d3176210, 0x00000292d2e4f3f0, 0x00000292d412d290, 0x00000292d13c26a0,
0x00000292d407a070, 0x00000292d2e46d80, 0x00000292d15d9f20, 0x00000292cf72d010,
0x00000292d081a250, 0x00000292d0819d80, 0x00000292d08193e0, 0x00000292d081b0c0,
0x00000292d08198b0, 0x00000292d081a720, 0x00000292d081abf0, 0x00000292d081b590,
0x00000292d081ba60
}

Java Threads: ( => current thread )
  0x00000292ce870400 JavaThread "Reference Handler" daemon [_thread_blocked, id=2600, stack(0x000000b8bdb00000,0x000000b8bdc00000)]
  0x00000292ce871c90 JavaThread "Finalizer" daemon [_thread_blocked, id=18780, stack(0x000000b8bdc00000,0x000000b8bdd00000)]
  0x00000292ce8a0040 JavaThread "Signal Dispatcher" daemon [_thread_blocked, id=15060, stack(0x000000b8bdd00000,0x000000b8bde00000)]
  0x00000292ce8a2a00 JavaThread "Attach Listener" daemon [_thread_blocked, id=19660, stack(0x000000b8bde00000,0x000000b8bdf00000)]
  0x00000292ce8a3b50 JavaThread "Service Thread" daemon [_thread_blocked, id=9156, stack(0x000000b8bdf00000,0x000000b8be000000)]
  0x00000292ce8a85b0 JavaThread "Monitor Deflation Thread" daemon [_thread_blocked, id=9788, stack(0x000000b8be000000,0x000000b8be100000)]
=>0x00000292ce8a9a30 JavaThread "C2 CompilerThread0" daemon [_thread_in_native, id=16268, stack(0x000000b8be100000,0x000000b8be200000)]
  0x00000292ce8abe90 JavaThread "C1 CompilerThread0" daemon [_thread_blocked, id=14040, stack(0x000000b8be200000,0x000000b8be300000)]
  0x00000292ce8ad800 JavaThread "Sweeper thread" daemon [_thread_blocked, id=12784, stack(0x000000b8be300000,0x000000b8be400000)]
  0x00000292cf57a530 JavaThread "Notification Thread" daemon [_thread_blocked, id=8232, stack(0x000000b8be400000,0x000000b8be500000)]
  0x00000292cf57aff0 JavaThread "Common-Cleaner" daemon [_thread_blocked, id=15188, stack(0x000000b8be600000,0x000000b8be700000)]
  0x00000292d2a46c40 JavaThread "Catalina-utility-1" [_thread_blocked, id=14392, stack(0x000000b8bee00000,0x000000b8bef00000)]
  0x00000292d3176210 JavaThread "Catalina-utility-2" [_thread_blocked, id=17400, stack(0x000000b8bf100000,0x000000b8bf200000)]
  0x00000292d2e4f3f0 JavaThread "container-0" [_thread_blocked, id=11544, stack(0x000000b8bf200000,0x000000b8bf300000)]
  0x00000292d412d290 JavaThread "mysql-cj-abandoned-connection-cleanup" daemon [_thread_blocked, id=276, stack(0x000000b8bf300000,0x000000b8bf400000)]
  0x00000292d13c26a0 JavaThread "HikariPool-1 housekeeper" daemon [_thread_blocked, id=16004, stack(0x000000b8bf500000,0x000000b8bf600000)]
  0x00000292d407a070 JavaThread "http-nio-8081-exec-1" daemon [_thread_blocked, id=11840, stack(0x000000b8bf700000,0x000000b8bf800000)]
  0x00000292d2e46d80 JavaThread "http-nio-8081-exec-2" daemon [_thread_in_native, id=10996, stack(0x000000b8bf800000,0x000000b8bf900000)]
  0x00000292d15d9f20 JavaThread "http-nio-8081-exec-3" daemon [_thread_blocked, id=15428, stack(0x000000b8bf900000,0x000000b8bfa00000)]
  0x00000292cf72d010 JavaThread "http-nio-8081-exec-4" daemon [_thread_in_native, id=20488, stack(0x000000b8bfa00000,0x000000b8bfb00000)]
  0x00000292d081a250 JavaThread "http-nio-8081-exec-5" daemon [_thread_blocked, id=4592, stack(0x000000b8bfb00000,0x000000b8bfc00000)]
  0x00000292d0819d80 JavaThread "http-nio-8081-exec-6" daemon [_thread_blocked, id=11880, stack(0x000000b8bfc00000,0x000000b8bfd00000)]
  0x00000292d08193e0 JavaThread "http-nio-8081-exec-7" daemon [_thread_in_Java, id=21224, stack(0x000000b8bfd00000,0x000000b8bfe00000)]
  0x00000292d081b0c0 JavaThread "http-nio-8081-exec-8" daemon [_thread_in_Java, id=2792, stack(0x000000b8bfe00000,0x000000b8bff00000)]
  0x00000292d08198b0 JavaThread "http-nio-8081-exec-9" daemon [_thread_in_native, id=12096, stack(0x000000b8bff00000,0x000000b8c0000000)]
  0x00000292d081a720 JavaThread "http-nio-8081-exec-10" daemon [_thread_blocked, id=11884, stack(0x000000b8c0000000,0x000000b8c0100000)]
  0x00000292d081abf0 JavaThread "http-nio-8081-Poller" daemon [_thread_in_native, id=15696, stack(0x000000b8c0100000,0x000000b8c0200000)]
  0x00000292d081b590 JavaThread "http-nio-8081-Acceptor" daemon [_thread_in_native, id=9024, stack(0x000000b8c0200000,0x000000b8c0300000)]
  0x00000292d081ba60 JavaThread "DestroyJavaVM" [_thread_blocked, id=14740, stack(0x000000b8bd400000,0x000000b8bd500000)]

Other Threads:
  0x00000292ce858540 VMThread "VM Thread" [stack: 0x000000b8bda00000,0x000000b8bdb00000] [id=5276]
  0x00000292b4993950 WatcherThread [stack: 0x000000b8be500000,0x000000b8be600000] [id=15960]
  0x00000292b4979850 GCTaskThread "GC Thread#0" [stack: 0x000000b8bd500000,0x000000b8bd600000] [id=10376]
  0x00000292cfc22450 GCTaskThread "GC Thread#1" [stack: 0x000000b8be800000,0x000000b8be900000] [id=20288]
  0x00000292cfc22700 GCTaskThread "GC Thread#2" [stack: 0x000000b8be900000,0x000000b8bea00000] [id=15904]
  0x00000292cfbb09e0 GCTaskThread "GC Thread#3" [stack: 0x000000b8bea00000,0x000000b8beb00000] [id=3200]
  0x00000292cfbb0c90 GCTaskThread "GC Thread#4" [stack: 0x000000b8beb00000,0x000000b8bec00000] [id=19424]
  0x00000292cffa1050 GCTaskThread "GC Thread#5" [stack: 0x000000b8bec00000,0x000000b8bed00000] [id=20184]
  0x00000292cffa1300 GCTaskThread "GC Thread#6" [stack: 0x000000b8bed00000,0x000000b8bee00000] [id=19012]
  0x00000292d0e2d220 GCTaskThread "GC Thread#7" [stack: 0x000000b8bef00000,0x000000b8bf000000] [id=7216]
  0x00000292b498a410 ConcurrentGCThread "G1 Main Marker" [stack: 0x000000b8bd600000,0x000000b8bd700000] [id=3508]
  0x00000292b498c5d0 ConcurrentGCThread "G1 Conc#0" [stack: 0x000000b8bd700000,0x000000b8bd800000] [id=8792]
  0x00000292d1159f60 ConcurrentGCThread "G1 Conc#1" [stack: 0x000000b8bf000000,0x000000b8bf100000] [id=8372]
  0x00000292ce6c0090 ConcurrentGCThread "G1 Refine#0" [stack: 0x000000b8bd800000,0x000000b8bd900000] [id=18648]
  0x00000292d40911a0 ConcurrentGCThread "G1 Refine#1" [stack: 0x000000b8bd100000,0x000000b8bd200000] [id=17952]
  0x00000292ce6c1ac0 ConcurrentGCThread "G1 Service" [stack: 0x000000b8bd900000,0x000000b8bda00000] [id=18368]

Threads with active compile tasks:
C2 CompilerThread0  25354529 13024   !   4       org.apache.catalina.connector.CoyoteAdapter::service (896 bytes)

VM state: not at safepoint (normal execution)

VM Mutex/Monitor currently owned by a thread: None

Heap address: 0x0000000081c00000, size: 2020 MB, Compressed Oops mode: 32-bit

CDS archive(s) not mapped
Compressed class space mapped at: 0x0000000100000000-0x0000000140000000, reserved size: 1073741824
Narrow klass base: 0x0000000000000000, Narrow klass shift: 3, Narrow klass range: 0x140000000

GC Precious Log:
 CPUs: 8 total, 8 available
 Memory: 8078M
 Large Page Support: Disabled
 NUMA Support: Disabled
 Compressed Oops: Enabled (32-bit)
 Heap Region Size: 1M
 Heap Min Capacity: 8M
 Heap Initial Capacity: 128M
 Heap Max Capacity: 2020M
 Pre-touch: Disabled
 Parallel Workers: 8
 Concurrent Workers: 2
 Concurrent Refinement Workers: 8
 Periodic GC: Disabled

Heap:
 garbage-first heap   total 368640K, used 232303K [0x0000000081c00000, 0x0000000100000000)
  region size 1024K, 201 young (205824K), 1 survivors (1024K)
 Metaspace       used 71256K, committed 71680K, reserved 1114112K
  class space    used 8493K, committed 8704K, reserved 1048576K

Heap Regions: E=young(eden), S=young(survivor), O=old, HS=humongous(starts), HC=humongous(continues), CS=collection set, F=free, OA=open archive, CA=closed archive, TAMS=top-at-mark-start (previous, next)
|   0|0x0000000081c00000, 0x0000000081d00000, 0x0000000081d00000|100%|HS|  |TAMS 0x0000000081d00000, 0x0000000081c00000| Complete 
|   1|0x0000000081d00000, 0x0000000081e00000, 0x0000000081e00000|100%| O|  |TAMS 0x0000000081e00000, 0x0000000081d00000| Untracked 
|   2|0x0000000081e00000, 0x0000000081f00000, 0x0000000081f00000|100%| O|  |TAMS 0x0000000081f00000, 0x0000000081e00000| Untracked 
|   3|0x0000000081f00000, 0x0000000082000000, 0x0000000082000000|100%| O|  |TAMS 0x0000000082000000, 0x0000000081f00000| Untracked 
|   4|0x0000000082000000, 0x0000000082100000, 0x0000000082100000|100%| O|  |TAMS 0x0000000082100000, 0x0000000082000000| Untracked 
|   5|0x0000000082100000, 0x0000000082200000, 0x0000000082200000|100%| O|  |TAMS 0x0000000082200000, 0x0000000082100000| Untracked 
|   6|0x0000000082200000, 0x0000000082300000, 0x0000000082300000|100%| O|  |TAMS 0x0000000082300000, 0x0000000082200000| Untracked 
|   7|0x0000000082300000, 0x0000000082400000, 0x0000000082400000|100%| O|  |TAMS 0x0000000082400000, 0x0000000082300000| Untracked 
|   8|0x0000000082400000, 0x0000000082500000, 0x0000000082500000|100%| O|  |TAMS 0x0000000082500000, 0x0000000082400000| Untracked 
|   9|0x0000000082500000, 0x0000000082600000, 0x0000000082600000|100%| O|  |TAMS 0x0000000082600000, 0x0000000082500000| Untracked 
|  10|0x0000000082600000, 0x0000000082700000, 0x0000000082700000|100%| O|  |TAMS 0x0000000082700000, 0x0000000082600000| Untracked 
|  11|0x0000000082700000, 0x0000000082800000, 0x0000000082800000|100%| O|  |TAMS 0x0000000082800000, 0x0000000082700000| Untracked 
|  12|0x0000000082800000, 0x0000000082900000, 0x0000000082900000|100%| O|  |TAMS 0x0000000082900000, 0x0000000082800000| Untracked 
|  13|0x0000000082900000, 0x0000000082a00000, 0x0000000082a00000|100%| O|  |TAMS 0x0000000082a00000, 0x0000000082900000| Untracked 
|  14|0x0000000082a00000, 0x0000000082a15000, 0x0000000082b00000|  8%| O|  |TAMS 0x0000000082a00000, 0x0000000082a00000| Untracked 
|  15|0x0000000082b00000, 0x0000000082c00000, 0x0000000082c00000|100%| O|  |TAMS 0x0000000082c00000, 0x0000000082b00000| Untracked 
|  16|0x0000000082c00000, 0x0000000082d00000, 0x0000000082d00000|100%| O|  |TAMS 0x0000000082d00000, 0x0000000082c00000| Untracked 
|  17|0x0000000082d00000, 0x0000000082e00000, 0x0000000082e00000|100%| O|  |TAMS 0x0000000082e00000, 0x0000000082d00000| Untracked 
|  18|0x0000000082e00000, 0x0000000082f00000, 0x0000000082f00000|100%| O|  |TAMS 0x0000000082f00000, 0x0000000082e00000| Untracked 
|  19|0x0000000082f00000, 0x0000000083000000, 0x0000000083000000|100%| O|  |TAMS 0x0000000083000000, 0x0000000082f00000| Untracked 
|  20|0x0000000083000000, 0x0000000083100000, 0x0000000083100000|100%| O|  |TAMS 0x0000000083100000, 0x0000000083000000| Untracked 
|  21|0x0000000083100000, 0x0000000083200000, 0x0000000083200000|100%| O|  |TAMS 0x0000000083200000, 0x0000000083100000| Untracked 
|  22|0x0000000083200000, 0x0000000083300000, 0x0000000083300000|100%| O|  |TAMS 0x0000000083300000, 0x0000000083200000| Untracked 
|  23|0x0000000083300000, 0x0000000083400000, 0x0000000083400000|100%| O|  |TAMS 0x0000000083400000, 0x0000000083300000| Untracked 
|  24|0x0000000083400000, 0x0000000083500000, 0x0000000083500000|100%| O|  |TAMS 0x0000000083500000, 0x0000000083400000| Untracked 
|  25|0x0000000083500000, 0x0000000083600000, 0x0000000083600000|100%| O|  |TAMS 0x0000000083600000, 0x0000000083500000| Untracked 
|  26|0x0000000083600000, 0x0000000083700000, 0x0000000083700000|100%| O|  |TAMS 0x0000000083700000, 0x0000000083600000| Untracked 
|  27|0x0000000083700000, 0x0000000083800000, 0x0000000083800000|100%| O|  |TAMS 0x0000000083711800, 0x0000000083700000| Untracked 
|  28|0x0000000083800000, 0x0000000083800000, 0x0000000083900000|  0%| F|  |TAMS 0x0000000083800000, 0x0000000083800000| Untracked 
|  29|0x0000000083900000, 0x0000000083900000, 0x0000000083a00000|  0%| F|  |TAMS 0x0000000083900000, 0x0000000083900000| Untracked 
|  30|0x0000000083a00000, 0x0000000083a00000, 0x0000000083b00000|  0%| F|  |TAMS 0x0000000083a00000, 0x0000000083a00000| Untracked 
|  31|0x0000000083b00000, 0x0000000083b00000, 0x0000000083c00000|  0%| F|  |TAMS 0x0000000083b00000, 0x0000000083b00000| Untracked 
|  32|0x0000000083c00000, 0x0000000083c00000, 0x0000000083d00000|  0%| F|  |TAMS 0x0000000083c00000, 0x0000000083c00000| Untracked 
|  33|0x0000000083d00000, 0x0000000083d00000, 0x0000000083e00000|  0%| F|  |TAMS 0x0000000083d00000, 0x0000000083d00000| Untracked 
|  34|0x0000000083e00000, 0x0000000083e00000, 0x0000000083f00000|  0%| F|  |TAMS 0x0000000083e00000, 0x0000000083e00000| Untracked 
|  35|0x0000000083f00000, 0x0000000083f00000, 0x0000000084000000|  0%| F|  |TAMS 0x0000000083f00000, 0x0000000083f00000| Untracked 
|  36|0x0000000084000000, 0x0000000084000000, 0x0000000084100000|  0%| F|  |TAMS 0x0000000084000000, 0x0000000084000000| Untracked 
|  37|0x0000000084100000, 0x0000000084100000, 0x0000000084200000|  0%| F|  |TAMS 0x0000000084100000, 0x0000000084100000| Untracked 
|  38|0x0000000084200000, 0x0000000084200000, 0x0000000084300000|  0%| F|  |TAMS 0x0000000084200000, 0x0000000084200000| Untracked 
|  39|0x0000000084300000, 0x0000000084300000, 0x0000000084400000|  0%| F|  |TAMS 0x0000000084300000, 0x0000000084300000| Untracked 
|  40|0x0000000084400000, 0x0000000084400000, 0x0000000084500000|  0%| F|  |TAMS 0x0000000084400000, 0x0000000084400000| Untracked 
|  41|0x0000000084500000, 0x0000000084500000, 0x0000000084600000|  0%| F|  |TAMS 0x0000000084500000, 0x0000000084500000| Untracked 
|  42|0x0000000084600000, 0x0000000084600000, 0x0000000084700000|  0%| F|  |TAMS 0x0000000084600000, 0x0000000084600000| Untracked 
|  43|0x0000000084700000, 0x0000000084700000, 0x0000000084800000|  0%| F|  |TAMS 0x0000000084700000, 0x0000000084700000| Untracked 
|  44|0x0000000084800000, 0x0000000084800000, 0x0000000084900000|  0%| F|  |TAMS 0x0000000084800000, 0x0000000084800000| Untracked 
|  45|0x0000000084900000, 0x0000000084900000, 0x0000000084a00000|  0%| F|  |TAMS 0x0000000084900000, 0x0000000084900000| Untracked 
|  46|0x0000000084a00000, 0x0000000084a00000, 0x0000000084b00000|  0%| F|  |TAMS 0x0000000084a00000, 0x0000000084a00000| Untracked 
|  47|0x0000000084b00000, 0x0000000084b00000, 0x0000000084c00000|  0%| F|  |TAMS 0x0000000084b00000, 0x0000000084b00000| Untracked 
|  48|0x0000000084c00000, 0x0000000084c00000, 0x0000000084d00000|  0%| F|  |TAMS 0x0000000084c00000, 0x0000000084c00000| Untracked 
|  49|0x0000000084d00000, 0x0000000084d00000, 0x0000000084e00000|  0%| F|  |TAMS 0x0000000084d00000, 0x0000000084d00000| Untracked 
|  50|0x0000000084e00000, 0x0000000084e00000, 0x0000000084f00000|  0%| F|  |TAMS 0x0000000084e00000, 0x0000000084e00000| Untracked 
|  51|0x0000000084f00000, 0x0000000084f00000, 0x0000000085000000|  0%| F|  |TAMS 0x0000000084f00000, 0x0000000084f00000| Untracked 
|  52|0x0000000085000000, 0x0000000085000000, 0x0000000085100000|  0%| F|  |TAMS 0x0000000085000000, 0x0000000085000000| Untracked 
|  53|0x0000000085100000, 0x0000000085100000, 0x0000000085200000|  0%| F|  |TAMS 0x0000000085100000, 0x0000000085100000| Untracked 
|  54|0x0000000085200000, 0x0000000085200000, 0x0000000085300000|  0%| F|  |TAMS 0x0000000085200000, 0x0000000085200000| Untracked 
|  55|0x0000000085300000, 0x0000000085300000, 0x0000000085400000|  0%| F|  |TAMS 0x0000000085300000, 0x0000000085300000| Untracked 
|  56|0x0000000085400000, 0x0000000085400000, 0x0000000085500000|  0%| F|  |TAMS 0x0000000085400000, 0x0000000085400000| Untracked 
|  57|0x0000000085500000, 0x0000000085500000, 0x0000000085600000|  0%| F|  |TAMS 0x0000000085500000, 0x0000000085500000| Untracked 
|  58|0x0000000085600000, 0x0000000085600000, 0x0000000085700000|  0%| F|  |TAMS 0x0000000085600000, 0x0000000085600000| Untracked 
|  59|0x0000000085700000, 0x0000000085700000, 0x0000000085800000|  0%| F|  |TAMS 0x0000000085700000, 0x0000000085700000| Untracked 
|  60|0x0000000085800000, 0x0000000085800000, 0x0000000085900000|  0%| F|  |TAMS 0x0000000085800000, 0x0000000085800000| Untracked 
|  61|0x0000000085900000, 0x0000000085900000, 0x0000000085a00000|  0%| F|  |TAMS 0x0000000085900000, 0x0000000085900000| Untracked 
|  62|0x0000000085a00000, 0x0000000085a00000, 0x0000000085b00000|  0%| F|  |TAMS 0x0000000085a00000, 0x0000000085a00000| Untracked 
|  63|0x0000000085b00000, 0x0000000085b00000, 0x0000000085c00000|  0%| F|  |TAMS 0x0000000085b00000, 0x0000000085b00000| Untracked 
|  64|0x0000000085c00000, 0x0000000085c00000, 0x0000000085d00000|  0%| F|  |TAMS 0x0000000085c00000, 0x0000000085c00000| Untracked 
|  65|0x0000000085d00000, 0x0000000085d00000, 0x0000000085e00000|  0%| F|  |TAMS 0x0000000085d00000, 0x0000000085d00000| Untracked 
|  66|0x0000000085e00000, 0x0000000085e00000, 0x0000000085f00000|  0%| F|  |TAMS 0x0000000085e00000, 0x0000000085e00000| Untracked 
|  67|0x0000000085f00000, 0x0000000085f00000, 0x0000000086000000|  0%| F|  |TAMS 0x0000000085f00000, 0x0000000085f00000| Untracked 
|  68|0x0000000086000000, 0x0000000086000000, 0x0000000086100000|  0%| F|  |TAMS 0x0000000086000000, 0x0000000086000000| Untracked 
|  69|0x0000000086100000, 0x0000000086100000, 0x0000000086200000|  0%| F|  |TAMS 0x0000000086100000, 0x0000000086100000| Untracked 
|  70|0x0000000086200000, 0x0000000086200000, 0x0000000086300000|  0%| F|  |TAMS 0x0000000086200000, 0x0000000086200000| Untracked 
|  71|0x0000000086300000, 0x0000000086300000, 0x0000000086400000|  0%| F|  |TAMS 0x0000000086300000, 0x0000000086300000| Untracked 
|  72|0x0000000086400000, 0x0000000086400000, 0x0000000086500000|  0%| F|  |TAMS 0x0000000086400000, 0x0000000086400000| Untracked 
|  73|0x0000000086500000, 0x0000000086500000, 0x0000000086600000|  0%| F|  |TAMS 0x0000000086500000, 0x0000000086500000| Untracked 
|  74|0x0000000086600000, 0x0000000086600000, 0x0000000086700000|  0%| F|  |TAMS 0x0000000086600000, 0x0000000086600000| Untracked 
|  75|0x0000000086700000, 0x0000000086700000, 0x0000000086800000|  0%| F|  |TAMS 0x0000000086700000, 0x0000000086700000| Untracked 
|  76|0x0000000086800000, 0x0000000086800000, 0x0000000086900000|  0%| F|  |TAMS 0x0000000086800000, 0x0000000086800000| Untracked 
|  77|0x0000000086900000, 0x0000000086900000, 0x0000000086a00000|  0%| F|  |TAMS 0x0000000086900000, 0x0000000086900000| Untracked 
|  78|0x0000000086a00000, 0x0000000086a00000, 0x0000000086b00000|  0%| F|  |TAMS 0x0000000086a00000, 0x0000000086a00000| Untracked 
|  79|0x0000000086b00000, 0x0000000086b00000, 0x0000000086c00000|  0%| F|  |TAMS 0x0000000086b00000, 0x0000000086b00000| Untracked 
|  80|0x0000000086c00000, 0x0000000086c00000, 0x0000000086d00000|  0%| F|  |TAMS 0x0000000086c00000, 0x0000000086c00000| Untracked 
|  81|0x0000000086d00000, 0x0000000086d00000, 0x0000000086e00000|  0%| F|  |TAMS 0x0000000086d00000, 0x0000000086d00000| Untracked 
|  82|0x0000000086e00000, 0x0000000086e00000, 0x0000000086f00000|  0%| F|  |TAMS 0x0000000086e00000, 0x0000000086e00000| Untracked 
|  83|0x0000000086f00000, 0x0000000086f00000, 0x0000000087000000|  0%| F|  |TAMS 0x0000000086f00000, 0x0000000086f00000| Untracked 
|  84|0x0000000087000000, 0x0000000087000000, 0x0000000087100000|  0%| F|  |TAMS 0x0000000087000000, 0x0000000087000000| Untracked 
|  85|0x0000000087100000, 0x0000000087100000, 0x0000000087200000|  0%| F|  |TAMS 0x0000000087100000, 0x0000000087100000| Untracked 
|  86|0x0000000087200000, 0x0000000087200000, 0x0000000087300000|  0%| F|  |TAMS 0x0000000087200000, 0x0000000087200000| Untracked 
|  87|0x0000000087300000, 0x0000000087300000, 0x0000000087400000|  0%| F|  |TAMS 0x0000000087300000, 0x0000000087300000| Untracked 
|  88|0x0000000087400000, 0x0000000087400000, 0x0000000087500000|  0%| F|  |TAMS 0x0000000087400000, 0x0000000087400000| Untracked 
|  89|0x0000000087500000, 0x0000000087500000, 0x0000000087600000|  0%| F|  |TAMS 0x0000000087500000, 0x0000000087500000| Untracked 
|  90|0x0000000087600000, 0x0000000087600000, 0x0000000087700000|  0%| F|  |TAMS 0x0000000087600000, 0x0000000087600000| Untracked 
|  91|0x0000000087700000, 0x0000000087700000, 0x0000000087800000|  0%| F|  |TAMS 0x0000000087700000, 0x0000000087700000| Untracked 
|  92|0x0000000087800000, 0x0000000087800000, 0x0000000087900000|  0%| F|  |TAMS 0x0000000087800000, 0x0000000087800000| Untracked 
|  93|0x0000000087900000, 0x0000000087900000, 0x0000000087a00000|  0%| F|  |TAMS 0x0000000087900000, 0x0000000087900000| Untracked 
|  94|0x0000000087a00000, 0x0000000087a00000, 0x0000000087b00000|  0%| F|  |TAMS 0x0000000087a00000, 0x0000000087a00000| Untracked 
|  95|0x0000000087b00000, 0x0000000087b00000, 0x0000000087c00000|  0%| F|  |TAMS 0x0000000087b00000, 0x0000000087b00000| Untracked 
|  96|0x0000000087c00000, 0x0000000087c00000, 0x0000000087d00000|  0%| F|  |TAMS 0x0000000087c00000, 0x0000000087c00000| Untracked 
|  97|0x0000000087d00000, 0x0000000087d00000, 0x0000000087e00000|  0%| F|  |TAMS 0x0000000087d00000, 0x0000000087d00000| Untracked 
|  98|0x0000000087e00000, 0x0000000087e00000, 0x0000000087f00000|  0%| F|  |TAMS 0x0000000087e00000, 0x0000000087e00000| Untracked 
|  99|0x0000000087f00000, 0x0000000087f00000, 0x0000000088000000|  0%| F|  |TAMS 0x0000000087f00000, 0x0000000087f00000| Untracked 
| 100|0x0000000088000000, 0x0000000088000000, 0x0000000088100000|  0%| F|  |TAMS 0x0000000088000000, 0x0000000088000000| Untracked 
| 101|0x0000000088100000, 0x0000000088100000, 0x0000000088200000|  0%| F|  |TAMS 0x0000000088100000, 0x0000000088100000| Untracked 
| 102|0x0000000088200000, 0x0000000088200000, 0x0000000088300000|  0%| F|  |TAMS 0x0000000088200000, 0x0000000088200000| Untracked 
| 103|0x0000000088300000, 0x0000000088300000, 0x0000000088400000|  0%| F|  |TAMS 0x0000000088300000, 0x0000000088300000| Untracked 
| 104|0x0000000088400000, 0x0000000088400000, 0x0000000088500000|  0%| F|  |TAMS 0x0000000088400000, 0x0000000088400000| Untracked 
| 105|0x0000000088500000, 0x0000000088500000, 0x0000000088600000|  0%| F|  |TAMS 0x0000000088500000, 0x0000000088500000| Untracked 
| 106|0x0000000088600000, 0x0000000088600000, 0x0000000088700000|  0%| F|  |TAMS 0x0000000088600000, 0x0000000088600000| Untracked 
| 107|0x0000000088700000, 0x0000000088700000, 0x0000000088800000|  0%| F|  |TAMS 0x0000000088700000, 0x0000000088700000| Untracked 
| 108|0x0000000088800000, 0x0000000088800000, 0x0000000088900000|  0%| F|  |TAMS 0x0000000088800000, 0x0000000088800000| Untracked 
| 109|0x0000000088900000, 0x0000000088900000, 0x0000000088a00000|  0%| F|  |TAMS 0x0000000088900000, 0x0000000088900000| Untracked 
| 110|0x0000000088a00000, 0x0000000088a00000, 0x0000000088b00000|  0%| F|  |TAMS 0x0000000088a00000, 0x0000000088a00000| Untracked 
| 111|0x0000000088b00000, 0x0000000088b00000, 0x0000000088c00000|  0%| F|  |TAMS 0x0000000088b00000, 0x0000000088b00000| Untracked 
| 112|0x0000000088c00000, 0x0000000088c00000, 0x0000000088d00000|  0%| F|  |TAMS 0x0000000088c00000, 0x0000000088c00000| Untracked 
| 113|0x0000000088d00000, 0x0000000088d00000, 0x0000000088e00000|  0%| F|  |TAMS 0x0000000088d00000, 0x0000000088d00000| Untracked 
| 114|0x0000000088e00000, 0x0000000088e00000, 0x0000000088f00000|  0%| F|  |TAMS 0x0000000088e00000, 0x0000000088e00000| Untracked 
| 115|0x0000000088f00000, 0x0000000088f00000, 0x0000000089000000|  0%| F|  |TAMS 0x0000000088f00000, 0x0000000088f00000| Untracked 
| 116|0x0000000089000000, 0x0000000089000000, 0x0000000089100000|  0%| F|  |TAMS 0x0000000089000000, 0x0000000089000000| Untracked 
| 117|0x0000000089100000, 0x0000000089100000, 0x0000000089200000|  0%| F|  |TAMS 0x0000000089100000, 0x0000000089100000| Untracked 
| 118|0x0000000089200000, 0x0000000089200000, 0x0000000089300000|  0%| F|  |TAMS 0x0000000089200000, 0x0000000089200000| Untracked 
| 119|0x0000000089300000, 0x0000000089300000, 0x0000000089400000|  0%| F|  |TAMS 0x0000000089300000, 0x0000000089300000| Untracked 
| 120|0x0000000089400000, 0x0000000089400000, 0x0000000089500000|  0%| F|  |TAMS 0x0000000089400000, 0x0000000089400000| Untracked 
| 121|0x0000000089500000, 0x0000000089500000, 0x0000000089600000|  0%| F|  |TAMS 0x0000000089500000, 0x0000000089500000| Untracked 
| 122|0x0000000089600000, 0x0000000089600000, 0x0000000089700000|  0%| F|  |TAMS 0x0000000089600000, 0x0000000089600000| Untracked 
| 123|0x0000000089700000, 0x0000000089700000, 0x0000000089800000|  0%| F|  |TAMS 0x0000000089700000, 0x0000000089700000| Untracked 
| 124|0x0000000089800000, 0x0000000089800000, 0x0000000089900000|  0%| F|  |TAMS 0x0000000089800000, 0x0000000089800000| Untracked 
| 125|0x0000000089900000, 0x0000000089900000, 0x0000000089a00000|  0%| F|  |TAMS 0x0000000089900000, 0x0000000089900000| Untracked 
| 126|0x0000000089a00000, 0x0000000089a00000, 0x0000000089b00000|  0%| F|  |TAMS 0x0000000089a00000, 0x0000000089a00000| Untracked 
| 127|0x0000000089b00000, 0x0000000089b00000, 0x0000000089c00000|  0%| F|  |TAMS 0x0000000089b00000, 0x0000000089b00000| Untracked 
| 128|0x0000000089c00000, 0x0000000089c00000, 0x0000000089d00000|  0%| F|  |TAMS 0x0000000089c00000, 0x0000000089c00000| Untracked 
| 129|0x0000000089d00000, 0x0000000089d00000, 0x0000000089e00000|  0%| F|  |TAMS 0x0000000089d00000, 0x0000000089d00000| Untracked 
| 130|0x0000000089e00000, 0x0000000089e00000, 0x0000000089f00000|  0%| F|  |TAMS 0x0000000089e00000, 0x0000000089e00000| Untracked 
| 131|0x0000000089f00000, 0x0000000089f00000, 0x000000008a000000|  0%| F|  |TAMS 0x0000000089f00000, 0x0000000089f00000| Untracked 
| 132|0x000000008a000000, 0x000000008a000000, 0x000000008a100000|  0%| F|  |TAMS 0x000000008a000000, 0x000000008a000000| Untracked 
| 133|0x000000008a100000, 0x000000008a100000, 0x000000008a200000|  0%| F|  |TAMS 0x000000008a100000, 0x000000008a100000| Untracked 
| 134|0x000000008a200000, 0x000000008a200000, 0x000000008a300000|  0%| F|  |TAMS 0x000000008a200000, 0x000000008a200000| Untracked 
| 135|0x000000008a300000, 0x000000008a300000, 0x000000008a400000|  0%| F|  |TAMS 0x000000008a300000, 0x000000008a300000| Untracked 
| 136|0x000000008a400000, 0x000000008a400000, 0x000000008a500000|  0%| F|  |TAMS 0x000000008a400000, 0x000000008a400000| Untracked 
| 137|0x000000008a500000, 0x000000008a500000, 0x000000008a600000|  0%| F|  |TAMS 0x000000008a500000, 0x000000008a500000| Untracked 
| 138|0x000000008a600000, 0x000000008a600000, 0x000000008a700000|  0%| F|  |TAMS 0x000000008a600000, 0x000000008a600000| Untracked 
| 139|0x000000008a700000, 0x000000008a700000, 0x000000008a800000|  0%| F|  |TAMS 0x000000008a700000, 0x000000008a700000| Untracked 
| 140|0x000000008a800000, 0x000000008a800000, 0x000000008a900000|  0%| F|  |TAMS 0x000000008a800000, 0x000000008a800000| Untracked 
| 141|0x000000008a900000, 0x000000008a900000, 0x000000008aa00000|  0%| F|  |TAMS 0x000000008a900000, 0x000000008a900000| Untracked 
| 142|0x000000008aa00000, 0x000000008aa00000, 0x000000008ab00000|  0%| F|  |TAMS 0x000000008aa00000, 0x000000008aa00000| Untracked 
| 143|0x000000008ab00000, 0x000000008abc6fc0, 0x000000008ac00000| 77%| S|CS|TAMS 0x000000008ab00000, 0x000000008ab00000| Complete 
| 144|0x000000008ac00000, 0x000000008ac00000, 0x000000008ad00000|  0%| F|  |TAMS 0x000000008ac00000, 0x000000008ac00000| Untracked 
| 145|0x000000008ad00000, 0x000000008ad00000, 0x000000008ae00000|  0%| F|  |TAMS 0x000000008ad00000, 0x000000008ad00000| Untracked 
| 146|0x000000008ae00000, 0x000000008ae00000, 0x000000008af00000|  0%| F|  |TAMS 0x000000008ae00000, 0x000000008ae00000| Untracked 
| 147|0x000000008af00000, 0x000000008af00000, 0x000000008b000000|  0%| F|  |TAMS 0x000000008af00000, 0x000000008af00000| Untracked 
| 148|0x000000008b000000, 0x000000008b000000, 0x000000008b100000|  0%| F|  |TAMS 0x000000008b000000, 0x000000008b000000| Untracked 
| 149|0x000000008b100000, 0x000000008b100000, 0x000000008b200000|  0%| F|  |TAMS 0x000000008b100000, 0x000000008b100000| Untracked 
| 150|0x000000008b200000, 0x000000008b200000, 0x000000008b300000|  0%| F|  |TAMS 0x000000008b200000, 0x000000008b200000| Untracked 
| 151|0x000000008b300000, 0x000000008b300000, 0x000000008b400000|  0%| F|  |TAMS 0x000000008b300000, 0x000000008b300000| Untracked 
| 152|0x000000008b400000, 0x000000008b400000, 0x000000008b500000|  0%| F|  |TAMS 0x000000008b400000, 0x000000008b400000| Untracked 
| 153|0x000000008b500000, 0x000000008b500000, 0x000000008b600000|  0%| F|  |TAMS 0x000000008b500000, 0x000000008b500000| Untracked 
| 154|0x000000008b600000, 0x000000008b600000, 0x000000008b700000|  0%| F|  |TAMS 0x000000008b600000, 0x000000008b600000| Untracked 
| 155|0x000000008b700000, 0x000000008b700000, 0x000000008b800000|  0%| F|  |TAMS 0x000000008b700000, 0x000000008b700000| Untracked 
| 156|0x000000008b800000, 0x000000008b800000, 0x000000008b900000|  0%| F|  |TAMS 0x000000008b800000, 0x000000008b800000| Untracked 
| 157|0x000000008b900000, 0x000000008b900000, 0x000000008ba00000|  0%| F|  |TAMS 0x000000008b900000, 0x000000008b900000| Untracked 
| 158|0x000000008ba00000, 0x000000008ba00000, 0x000000008bb00000|  0%| F|  |TAMS 0x000000008ba00000, 0x000000008ba00000| Untracked 
| 159|0x000000008bb00000, 0x000000008bbda438, 0x000000008bc00000| 85%| E|  |TAMS 0x000000008bb00000, 0x000000008bb00000| Complete 
| 160|0x000000008bc00000, 0x000000008bd00000, 0x000000008bd00000|100%| E|CS|TAMS 0x000000008bc00000, 0x000000008bc00000| Complete 
| 161|0x000000008bd00000, 0x000000008be00000, 0x000000008be00000|100%| E|CS|TAMS 0x000000008bd00000, 0x000000008bd00000| Complete 
| 162|0x000000008be00000, 0x000000008bf00000, 0x000000008bf00000|100%| E|CS|TAMS 0x000000008be00000, 0x000000008be00000| Complete 
| 163|0x000000008bf00000, 0x000000008c000000, 0x000000008c000000|100%| E|CS|TAMS 0x000000008bf00000, 0x000000008bf00000| Complete 
| 164|0x000000008c000000, 0x000000008c100000, 0x000000008c100000|100%| E|CS|TAMS 0x000000008c000000, 0x000000008c000000| Complete 
| 165|0x000000008c100000, 0x000000008c200000, 0x000000008c200000|100%| E|CS|TAMS 0x000000008c100000, 0x000000008c100000| Complete 
| 166|0x000000008c200000, 0x000000008c300000, 0x000000008c300000|100%| E|CS|TAMS 0x000000008c200000, 0x000000008c200000| Complete 
| 167|0x000000008c300000, 0x000000008c400000, 0x000000008c400000|100%| E|CS|TAMS 0x000000008c300000, 0x000000008c300000| Complete 
| 168|0x000000008c400000, 0x000000008c500000, 0x000000008c500000|100%| E|CS|TAMS 0x000000008c400000, 0x000000008c400000| Complete 
| 169|0x000000008c500000, 0x000000008c600000, 0x000000008c600000|100%| E|CS|TAMS 0x000000008c500000, 0x000000008c500000| Complete 
| 170|0x000000008c600000, 0x000000008c700000, 0x000000008c700000|100%| E|CS|TAMS 0x000000008c600000, 0x000000008c600000| Complete 
| 171|0x000000008c700000, 0x000000008c800000, 0x000000008c800000|100%| E|CS|TAMS 0x000000008c700000, 0x000000008c700000| Complete 
| 172|0x000000008c800000, 0x000000008c900000, 0x000000008c900000|100%| E|CS|TAMS 0x000000008c800000, 0x000000008c800000| Complete 
| 173|0x000000008c900000, 0x000000008ca00000, 0x000000008ca00000|100%| E|CS|TAMS 0x000000008c900000, 0x000000008c900000| Complete 
| 174|0x000000008ca00000, 0x000000008cb00000, 0x000000008cb00000|100%| E|CS|TAMS 0x000000008ca00000, 0x000000008ca00000| Complete 
| 175|0x000000008cb00000, 0x000000008cc00000, 0x000000008cc00000|100%| E|CS|TAMS 0x000000008cb00000, 0x000000008cb00000| Complete 
| 176|0x000000008cc00000, 0x000000008cd00000, 0x000000008cd00000|100%| E|CS|TAMS 0x000000008cc00000, 0x000000008cc00000| Complete 
| 177|0x000000008cd00000, 0x000000008ce00000, 0x000000008ce00000|100%| E|CS|TAMS 0x000000008cd00000, 0x000000008cd00000| Complete 
| 178|0x000000008ce00000, 0x000000008cf00000, 0x000000008cf00000|100%| E|CS|TAMS 0x000000008ce00000, 0x000000008ce00000| Complete 
| 179|0x000000008cf00000, 0x000000008d000000, 0x000000008d000000|100%| E|CS|TAMS 0x000000008cf00000, 0x000000008cf00000| Complete 
| 180|0x000000008d000000, 0x000000008d100000, 0x000000008d100000|100%| E|CS|TAMS 0x000000008d000000, 0x000000008d000000| Complete 
| 181|0x000000008d100000, 0x000000008d200000, 0x000000008d200000|100%| E|CS|TAMS 0x000000008d100000, 0x000000008d100000| Complete 
| 182|0x000000008d200000, 0x000000008d300000, 0x000000008d300000|100%| E|CS|TAMS 0x000000008d200000, 0x000000008d200000| Complete 
| 183|0x000000008d300000, 0x000000008d400000, 0x000000008d400000|100%| E|CS|TAMS 0x000000008d300000, 0x000000008d300000| Complete 
| 184|0x000000008d400000, 0x000000008d500000, 0x000000008d500000|100%| E|CS|TAMS 0x000000008d400000, 0x000000008d400000| Complete 
| 185|0x000000008d500000, 0x000000008d600000, 0x000000008d600000|100%| E|CS|TAMS 0x000000008d500000, 0x000000008d500000| Complete 
| 186|0x000000008d600000, 0x000000008d700000, 0x000000008d700000|100%| E|CS|TAMS 0x000000008d600000, 0x000000008d600000| Complete 
| 187|0x000000008d700000, 0x000000008d800000, 0x000000008d800000|100%| E|CS|TAMS 0x000000008d700000, 0x000000008d700000| Complete 
| 188|0x000000008d800000, 0x000000008d900000, 0x000000008d900000|100%| E|CS|TAMS 0x000000008d800000, 0x000000008d800000| Complete 
| 189|0x000000008d900000, 0x000000008da00000, 0x000000008da00000|100%| E|CS|TAMS 0x000000008d900000, 0x000000008d900000| Complete 
| 190|0x000000008da00000, 0x000000008db00000, 0x000000008db00000|100%| E|CS|TAMS 0x000000008da00000, 0x000000008da00000| Complete 
| 191|0x000000008db00000, 0x000000008dc00000, 0x000000008dc00000|100%| E|CS|TAMS 0x000000008db00000, 0x000000008db00000| Complete 
| 192|0x000000008dc00000, 0x000000008dd00000, 0x000000008dd00000|100%| E|CS|TAMS 0x000000008dc00000, 0x000000008dc00000| Complete 
| 193|0x000000008dd00000, 0x000000008de00000, 0x000000008de00000|100%| E|CS|TAMS 0x000000008dd00000, 0x000000008dd00000| Complete 
| 194|0x000000008de00000, 0x000000008df00000, 0x000000008df00000|100%| E|CS|TAMS 0x000000008de00000, 0x000000008de00000| Complete 
| 195|0x000000008df00000, 0x000000008e000000, 0x000000008e000000|100%| E|CS|TAMS 0x000000008df00000, 0x000000008df00000| Complete 
| 196|0x000000008e000000, 0x000000008e100000, 0x000000008e100000|100%| E|CS|TAMS 0x000000008e000000, 0x000000008e000000| Complete 
| 197|0x000000008e100000, 0x000000008e200000, 0x000000008e200000|100%| E|CS|TAMS 0x000000008e100000, 0x000000008e100000| Complete 
| 198|0x000000008e200000, 0x000000008e300000, 0x000000008e300000|100%| E|CS|TAMS 0x000000008e200000, 0x000000008e200000| Complete 
| 199|0x000000008e300000, 0x000000008e400000, 0x000000008e400000|100%| E|CS|TAMS 0x000000008e300000, 0x000000008e300000| Complete 
| 200|0x000000008e400000, 0x000000008e500000, 0x000000008e500000|100%| E|CS|TAMS 0x000000008e400000, 0x000000008e400000| Complete 
| 201|0x000000008e500000, 0x000000008e600000, 0x000000008e600000|100%| E|CS|TAMS 0x000000008e500000, 0x000000008e500000| Complete 
| 202|0x000000008e600000, 0x000000008e700000, 0x000000008e700000|100%| E|CS|TAMS 0x000000008e600000, 0x000000008e600000| Complete 
| 203|0x000000008e700000, 0x000000008e800000, 0x000000008e800000|100%| E|CS|TAMS 0x000000008e700000, 0x000000008e700000| Complete 
| 204|0x000000008e800000, 0x000000008e900000, 0x000000008e900000|100%| E|CS|TAMS 0x000000008e800000, 0x000000008e800000| Complete 
| 205|0x000000008e900000, 0x000000008ea00000, 0x000000008ea00000|100%| E|CS|TAMS 0x000000008e900000, 0x000000008e900000| Complete 
| 206|0x000000008ea00000, 0x000000008eb00000, 0x000000008eb00000|100%| E|CS|TAMS 0x000000008ea00000, 0x000000008ea00000| Complete 
| 207|0x000000008eb00000, 0x000000008ec00000, 0x000000008ec00000|100%| E|CS|TAMS 0x000000008eb00000, 0x000000008eb00000| Complete 
| 208|0x000000008ec00000, 0x000000008ed00000, 0x000000008ed00000|100%| E|CS|TAMS 0x000000008ec00000, 0x000000008ec00000| Complete 
| 209|0x000000008ed00000, 0x000000008ee00000, 0x000000008ee00000|100%| E|CS|TAMS 0x000000008ed00000, 0x000000008ed00000| Complete 
| 210|0x000000008ee00000, 0x000000008ef00000, 0x000000008ef00000|100%| E|CS|TAMS 0x000000008ee00000, 0x000000008ee00000| Complete 
| 211|0x000000008ef00000, 0x000000008f000000, 0x000000008f000000|100%| E|CS|TAMS 0x000000008ef00000, 0x000000008ef00000| Complete 
| 212|0x000000008f000000, 0x000000008f100000, 0x000000008f100000|100%| E|CS|TAMS 0x000000008f000000, 0x000000008f000000| Complete 
| 213|0x000000008f100000, 0x000000008f200000, 0x000000008f200000|100%| E|CS|TAMS 0x000000008f100000, 0x000000008f100000| Complete 
| 214|0x000000008f200000, 0x000000008f300000, 0x000000008f300000|100%| E|CS|TAMS 0x000000008f200000, 0x000000008f200000| Complete 
| 215|0x000000008f300000, 0x000000008f400000, 0x000000008f400000|100%| E|CS|TAMS 0x000000008f300000, 0x000000008f300000| Complete 
| 216|0x000000008f400000, 0x000000008f500000, 0x000000008f500000|100%| E|CS|TAMS 0x000000008f400000, 0x000000008f400000| Complete 
| 217|0x000000008f500000, 0x000000008f600000, 0x000000008f600000|100%| E|CS|TAMS 0x000000008f500000, 0x000000008f500000| Complete 
| 218|0x000000008f600000, 0x000000008f700000, 0x000000008f700000|100%| E|CS|TAMS 0x000000008f600000, 0x000000008f600000| Complete 
| 219|0x000000008f700000, 0x000000008f800000, 0x000000008f800000|100%| E|CS|TAMS 0x000000008f700000, 0x000000008f700000| Complete 
| 220|0x000000008f800000, 0x000000008f900000, 0x000000008f900000|100%| E|CS|TAMS 0x000000008f800000, 0x000000008f800000| Complete 
| 221|0x000000008f900000, 0x000000008fa00000, 0x000000008fa00000|100%| E|CS|TAMS 0x000000008f900000, 0x000000008f900000| Complete 
| 222|0x000000008fa00000, 0x000000008fb00000, 0x000000008fb00000|100%| E|CS|TAMS 0x000000008fa00000, 0x000000008fa00000| Complete 
| 223|0x000000008fb00000, 0x000000008fc00000, 0x000000008fc00000|100%| E|CS|TAMS 0x000000008fb00000, 0x000000008fb00000| Complete 
| 224|0x000000008fc00000, 0x000000008fd00000, 0x000000008fd00000|100%| E|CS|TAMS 0x000000008fc00000, 0x000000008fc00000| Complete 
| 225|0x000000008fd00000, 0x000000008fe00000, 0x000000008fe00000|100%| E|CS|TAMS 0x000000008fd00000, 0x000000008fd00000| Complete 
| 226|0x000000008fe00000, 0x000000008ff00000, 0x000000008ff00000|100%| E|CS|TAMS 0x000000008fe00000, 0x000000008fe00000| Complete 
| 227|0x000000008ff00000, 0x0000000090000000, 0x0000000090000000|100%| E|CS|TAMS 0x000000008ff00000, 0x000000008ff00000| Complete 
| 228|0x0000000090000000, 0x0000000090100000, 0x0000000090100000|100%| E|CS|TAMS 0x0000000090000000, 0x0000000090000000| Complete 
| 229|0x0000000090100000, 0x0000000090200000, 0x0000000090200000|100%| E|CS|TAMS 0x0000000090100000, 0x0000000090100000| Complete 
| 230|0x0000000090200000, 0x0000000090300000, 0x0000000090300000|100%| E|CS|TAMS 0x0000000090200000, 0x0000000090200000| Complete 
| 231|0x0000000090300000, 0x0000000090400000, 0x0000000090400000|100%| E|CS|TAMS 0x0000000090300000, 0x0000000090300000| Complete 
| 232|0x0000000090400000, 0x0000000090500000, 0x0000000090500000|100%| E|CS|TAMS 0x0000000090400000, 0x0000000090400000| Complete 
| 233|0x0000000090500000, 0x0000000090600000, 0x0000000090600000|100%| E|CS|TAMS 0x0000000090500000, 0x0000000090500000| Complete 
| 234|0x0000000090600000, 0x0000000090700000, 0x0000000090700000|100%| E|CS|TAMS 0x0000000090600000, 0x0000000090600000| Complete 
| 235|0x0000000090700000, 0x0000000090800000, 0x0000000090800000|100%| E|CS|TAMS 0x0000000090700000, 0x0000000090700000| Complete 
| 236|0x0000000090800000, 0x0000000090900000, 0x0000000090900000|100%| E|CS|TAMS 0x0000000090800000, 0x0000000090800000| Complete 
| 237|0x0000000090900000, 0x0000000090a00000, 0x0000000090a00000|100%| E|CS|TAMS 0x0000000090900000, 0x0000000090900000| Complete 
| 238|0x0000000090a00000, 0x0000000090b00000, 0x0000000090b00000|100%| E|CS|TAMS 0x0000000090a00000, 0x0000000090a00000| Complete 
| 239|0x0000000090b00000, 0x0000000090c00000, 0x0000000090c00000|100%| E|CS|TAMS 0x0000000090b00000, 0x0000000090b00000| Complete 
| 240|0x0000000090c00000, 0x0000000090d00000, 0x0000000090d00000|100%| E|CS|TAMS 0x0000000090c00000, 0x0000000090c00000| Complete 
| 241|0x0000000090d00000, 0x0000000090e00000, 0x0000000090e00000|100%| E|CS|TAMS 0x0000000090d00000, 0x0000000090d00000| Complete 
| 242|0x0000000090e00000, 0x0000000090f00000, 0x0000000090f00000|100%| E|CS|TAMS 0x0000000090e00000, 0x0000000090e00000| Complete 
| 243|0x0000000090f00000, 0x0000000091000000, 0x0000000091000000|100%| E|CS|TAMS 0x0000000090f00000, 0x0000000090f00000| Complete 
| 244|0x0000000091000000, 0x0000000091100000, 0x0000000091100000|100%| E|CS|TAMS 0x0000000091000000, 0x0000000091000000| Complete 
| 245|0x0000000091100000, 0x0000000091200000, 0x0000000091200000|100%| E|CS|TAMS 0x0000000091100000, 0x0000000091100000| Complete 
| 246|0x0000000091200000, 0x0000000091300000, 0x0000000091300000|100%| E|CS|TAMS 0x0000000091200000, 0x0000000091200000| Complete 
| 247|0x0000000091300000, 0x0000000091400000, 0x0000000091400000|100%| E|CS|TAMS 0x0000000091300000, 0x0000000091300000| Complete 
| 248|0x0000000091400000, 0x0000000091500000, 0x0000000091500000|100%| E|CS|TAMS 0x0000000091400000, 0x0000000091400000| Complete 
| 249|0x0000000091500000, 0x0000000091600000, 0x0000000091600000|100%| E|CS|TAMS 0x0000000091500000, 0x0000000091500000| Complete 
| 250|0x0000000091600000, 0x0000000091700000, 0x0000000091700000|100%| E|CS|TAMS 0x0000000091600000, 0x0000000091600000| Complete 
| 251|0x0000000091700000, 0x0000000091800000, 0x0000000091800000|100%| E|CS|TAMS 0x0000000091700000, 0x0000000091700000| Complete 
| 252|0x0000000091800000, 0x0000000091900000, 0x0000000091900000|100%| E|CS|TAMS 0x0000000091800000, 0x0000000091800000| Complete 
| 253|0x0000000091900000, 0x0000000091a00000, 0x0000000091a00000|100%| E|CS|TAMS 0x0000000091900000, 0x0000000091900000| Complete 
| 254|0x0000000091a00000, 0x0000000091b00000, 0x0000000091b00000|100%| E|CS|TAMS 0x0000000091a00000, 0x0000000091a00000| Complete 
| 255|0x0000000091b00000, 0x0000000091c00000, 0x0000000091c00000|100%| E|CS|TAMS 0x0000000091b00000, 0x0000000091b00000| Complete 
| 256|0x0000000091c00000, 0x0000000091d00000, 0x0000000091d00000|100%| E|CS|TAMS 0x0000000091c00000, 0x0000000091c00000| Complete 
| 257|0x0000000091d00000, 0x0000000091e00000, 0x0000000091e00000|100%| E|CS|TAMS 0x0000000091d00000, 0x0000000091d00000| Complete 
| 258|0x0000000091e00000, 0x0000000091f00000, 0x0000000091f00000|100%| E|CS|TAMS 0x0000000091e00000, 0x0000000091e00000| Complete 
| 259|0x0000000091f00000, 0x0000000092000000, 0x0000000092000000|100%| E|CS|TAMS 0x0000000091f00000, 0x0000000091f00000| Complete 
| 260|0x0000000092000000, 0x0000000092100000, 0x0000000092100000|100%| E|CS|TAMS 0x0000000092000000, 0x0000000092000000| Complete 
| 261|0x0000000092100000, 0x0000000092200000, 0x0000000092200000|100%| E|CS|TAMS 0x0000000092100000, 0x0000000092100000| Complete 
| 262|0x0000000092200000, 0x0000000092300000, 0x0000000092300000|100%| E|CS|TAMS 0x0000000092200000, 0x0000000092200000| Complete 
| 263|0x0000000092300000, 0x0000000092400000, 0x0000000092400000|100%| E|CS|TAMS 0x0000000092300000, 0x0000000092300000| Complete 
| 264|0x0000000092400000, 0x0000000092500000, 0x0000000092500000|100%| E|CS|TAMS 0x0000000092400000, 0x0000000092400000| Complete 
| 265|0x0000000092500000, 0x0000000092600000, 0x0000000092600000|100%| E|CS|TAMS 0x0000000092500000, 0x0000000092500000| Complete 
| 266|0x0000000092600000, 0x0000000092700000, 0x0000000092700000|100%| E|CS|TAMS 0x0000000092600000, 0x0000000092600000| Complete 
| 267|0x0000000092700000, 0x0000000092800000, 0x0000000092800000|100%| E|CS|TAMS 0x0000000092700000, 0x0000000092700000| Complete 
| 268|0x0000000092800000, 0x0000000092900000, 0x0000000092900000|100%| E|CS|TAMS 0x0000000092800000, 0x0000000092800000| Complete 
| 269|0x0000000092900000, 0x0000000092a00000, 0x0000000092a00000|100%| E|CS|TAMS 0x0000000092900000, 0x0000000092900000| Complete 
| 270|0x0000000092a00000, 0x0000000092b00000, 0x0000000092b00000|100%| E|CS|TAMS 0x0000000092a00000, 0x0000000092a00000| Complete 
| 271|0x0000000092b00000, 0x0000000092c00000, 0x0000000092c00000|100%| E|CS|TAMS 0x0000000092b00000, 0x0000000092b00000| Complete 
| 272|0x0000000092c00000, 0x0000000092d00000, 0x0000000092d00000|100%| E|CS|TAMS 0x0000000092c00000, 0x0000000092c00000| Complete 
| 273|0x0000000092d00000, 0x0000000092e00000, 0x0000000092e00000|100%| E|CS|TAMS 0x0000000092d00000, 0x0000000092d00000| Complete 
| 274|0x0000000092e00000, 0x0000000092f00000, 0x0000000092f00000|100%| E|CS|TAMS 0x0000000092e00000, 0x0000000092e00000| Complete 
| 275|0x0000000092f00000, 0x0000000093000000, 0x0000000093000000|100%| E|CS|TAMS 0x0000000092f00000, 0x0000000092f00000| Complete 
| 276|0x0000000093000000, 0x0000000093100000, 0x0000000093100000|100%| E|CS|TAMS 0x0000000093000000, 0x0000000093000000| Complete 
| 277|0x0000000093100000, 0x0000000093200000, 0x0000000093200000|100%| E|CS|TAMS 0x0000000093100000, 0x0000000093100000| Complete 
| 278|0x0000000093200000, 0x0000000093300000, 0x0000000093300000|100%| E|CS|TAMS 0x0000000093200000, 0x0000000093200000| Complete 
| 279|0x0000000093300000, 0x0000000093400000, 0x0000000093400000|100%| E|CS|TAMS 0x0000000093300000, 0x0000000093300000| Complete 
| 280|0x0000000093400000, 0x0000000093500000, 0x0000000093500000|100%| E|CS|TAMS 0x0000000093400000, 0x0000000093400000| Complete 
| 281|0x0000000093500000, 0x0000000093600000, 0x0000000093600000|100%| E|CS|TAMS 0x0000000093500000, 0x0000000093500000| Complete 
| 282|0x0000000093600000, 0x0000000093700000, 0x0000000093700000|100%| E|CS|TAMS 0x0000000093600000, 0x0000000093600000| Complete 
| 283|0x0000000093700000, 0x0000000093800000, 0x0000000093800000|100%| E|CS|TAMS 0x0000000093700000, 0x0000000093700000| Complete 
| 284|0x0000000093800000, 0x0000000093900000, 0x0000000093900000|100%| E|CS|TAMS 0x0000000093800000, 0x0000000093800000| Complete 
| 285|0x0000000093900000, 0x0000000093a00000, 0x0000000093a00000|100%| E|CS|TAMS 0x0000000093900000, 0x0000000093900000| Complete 
| 286|0x0000000093a00000, 0x0000000093b00000, 0x0000000093b00000|100%| E|CS|TAMS 0x0000000093a00000, 0x0000000093a00000| Complete 
| 287|0x0000000093b00000, 0x0000000093c00000, 0x0000000093c00000|100%| E|CS|TAMS 0x0000000093b00000, 0x0000000093b00000| Complete 
| 288|0x0000000093c00000, 0x0000000093d00000, 0x0000000093d00000|100%| E|CS|TAMS 0x0000000093c00000, 0x0000000093c00000| Complete 
| 289|0x0000000093d00000, 0x0000000093e00000, 0x0000000093e00000|100%| E|CS|TAMS 0x0000000093d00000, 0x0000000093d00000| Complete 
| 290|0x0000000093e00000, 0x0000000093f00000, 0x0000000093f00000|100%| E|CS|TAMS 0x0000000093e00000, 0x0000000093e00000| Complete 
| 291|0x0000000093f00000, 0x0000000094000000, 0x0000000094000000|100%| E|CS|TAMS 0x0000000093f00000, 0x0000000093f00000| Complete 
| 292|0x0000000094000000, 0x0000000094100000, 0x0000000094100000|100%| E|CS|TAMS 0x0000000094000000, 0x0000000094000000| Complete 
| 293|0x0000000094100000, 0x0000000094200000, 0x0000000094200000|100%| E|CS|TAMS 0x0000000094100000, 0x0000000094100000| Complete 
| 294|0x0000000094200000, 0x0000000094300000, 0x0000000094300000|100%| E|CS|TAMS 0x0000000094200000, 0x0000000094200000| Complete 
| 295|0x0000000094300000, 0x0000000094400000, 0x0000000094400000|100%| E|CS|TAMS 0x0000000094300000, 0x0000000094300000| Complete 
| 296|0x0000000094400000, 0x0000000094500000, 0x0000000094500000|100%| E|CS|TAMS 0x0000000094400000, 0x0000000094400000| Complete 
| 297|0x0000000094500000, 0x0000000094600000, 0x0000000094600000|100%| E|CS|TAMS 0x0000000094500000, 0x0000000094500000| Complete 
| 298|0x0000000094600000, 0x0000000094700000, 0x0000000094700000|100%| E|CS|TAMS 0x0000000094600000, 0x0000000094600000| Complete 
| 299|0x0000000094700000, 0x0000000094800000, 0x0000000094800000|100%| E|CS|TAMS 0x0000000094700000, 0x0000000094700000| Complete 
| 300|0x0000000094800000, 0x0000000094900000, 0x0000000094900000|100%| E|CS|TAMS 0x0000000094800000, 0x0000000094800000| Complete 
| 301|0x0000000094900000, 0x0000000094a00000, 0x0000000094a00000|100%| E|CS|TAMS 0x0000000094900000, 0x0000000094900000| Complete 
| 302|0x0000000094a00000, 0x0000000094b00000, 0x0000000094b00000|100%| E|CS|TAMS 0x0000000094a00000, 0x0000000094a00000| Complete 
| 303|0x0000000094b00000, 0x0000000094c00000, 0x0000000094c00000|100%| E|CS|TAMS 0x0000000094b00000, 0x0000000094b00000| Complete 
| 304|0x0000000094c00000, 0x0000000094d00000, 0x0000000094d00000|100%| E|CS|TAMS 0x0000000094c00000, 0x0000000094c00000| Complete 
| 305|0x0000000094d00000, 0x0000000094e00000, 0x0000000094e00000|100%| E|CS|TAMS 0x0000000094d00000, 0x0000000094d00000| Complete 
| 306|0x0000000094e00000, 0x0000000094f00000, 0x0000000094f00000|100%| E|CS|TAMS 0x0000000094e00000, 0x0000000094e00000| Complete 
| 307|0x0000000094f00000, 0x0000000095000000, 0x0000000095000000|100%| E|CS|TAMS 0x0000000094f00000, 0x0000000094f00000| Complete 
| 308|0x0000000095000000, 0x0000000095100000, 0x0000000095100000|100%| E|CS|TAMS 0x0000000095000000, 0x0000000095000000| Complete 
| 309|0x0000000095100000, 0x0000000095200000, 0x0000000095200000|100%| E|CS|TAMS 0x0000000095100000, 0x0000000095100000| Complete 
| 310|0x0000000095200000, 0x0000000095300000, 0x0000000095300000|100%| E|CS|TAMS 0x0000000095200000, 0x0000000095200000| Complete 
| 311|0x0000000095300000, 0x0000000095400000, 0x0000000095400000|100%| E|CS|TAMS 0x0000000095300000, 0x0000000095300000| Complete 
| 312|0x0000000095400000, 0x0000000095500000, 0x0000000095500000|100%| E|CS|TAMS 0x0000000095400000, 0x0000000095400000| Complete 
| 313|0x0000000095500000, 0x0000000095600000, 0x0000000095600000|100%| E|CS|TAMS 0x0000000095500000, 0x0000000095500000| Complete 
| 314|0x0000000095600000, 0x0000000095700000, 0x0000000095700000|100%| E|CS|TAMS 0x0000000095600000, 0x0000000095600000| Complete 
| 315|0x0000000095700000, 0x0000000095800000, 0x0000000095800000|100%| E|CS|TAMS 0x0000000095700000, 0x0000000095700000| Complete 
| 316|0x0000000095800000, 0x0000000095900000, 0x0000000095900000|100%| E|CS|TAMS 0x0000000095800000, 0x0000000095800000| Complete 
| 317|0x0000000095900000, 0x0000000095a00000, 0x0000000095a00000|100%| E|CS|TAMS 0x0000000095900000, 0x0000000095900000| Complete 
| 318|0x0000000095a00000, 0x0000000095b00000, 0x0000000095b00000|100%| E|CS|TAMS 0x0000000095a00000, 0x0000000095a00000| Complete 
| 319|0x0000000095b00000, 0x0000000095c00000, 0x0000000095c00000|100%| E|CS|TAMS 0x0000000095b00000, 0x0000000095b00000| Complete 
| 320|0x0000000095c00000, 0x0000000095d00000, 0x0000000095d00000|100%| E|CS|TAMS 0x0000000095c00000, 0x0000000095c00000| Complete 
| 321|0x0000000095d00000, 0x0000000095e00000, 0x0000000095e00000|100%| E|CS|TAMS 0x0000000095d00000, 0x0000000095d00000| Complete 
| 322|0x0000000095e00000, 0x0000000095f00000, 0x0000000095f00000|100%| E|CS|TAMS 0x0000000095e00000, 0x0000000095e00000| Complete 
| 323|0x0000000095f00000, 0x0000000096000000, 0x0000000096000000|100%| E|CS|TAMS 0x0000000095f00000, 0x0000000095f00000| Complete 
| 324|0x0000000096000000, 0x0000000096100000, 0x0000000096100000|100%| E|CS|TAMS 0x0000000096000000, 0x0000000096000000| Complete 
| 325|0x0000000096100000, 0x0000000096200000, 0x0000000096200000|100%| E|CS|TAMS 0x0000000096100000, 0x0000000096100000| Complete 
| 326|0x0000000096200000, 0x0000000096300000, 0x0000000096300000|100%| E|CS|TAMS 0x0000000096200000, 0x0000000096200000| Complete 
| 327|0x0000000096300000, 0x0000000096400000, 0x0000000096400000|100%| E|CS|TAMS 0x0000000096300000, 0x0000000096300000| Complete 
| 328|0x0000000096400000, 0x0000000096500000, 0x0000000096500000|100%| E|CS|TAMS 0x0000000096400000, 0x0000000096400000| Complete 
| 329|0x0000000096500000, 0x0000000096600000, 0x0000000096600000|100%| E|CS|TAMS 0x0000000096500000, 0x0000000096500000| Complete 
| 330|0x0000000096600000, 0x0000000096700000, 0x0000000096700000|100%| E|CS|TAMS 0x0000000096600000, 0x0000000096600000| Complete 
| 331|0x0000000096700000, 0x0000000096800000, 0x0000000096800000|100%| E|CS|TAMS 0x0000000096700000, 0x0000000096700000| Complete 
| 332|0x0000000096800000, 0x0000000096900000, 0x0000000096900000|100%| E|CS|TAMS 0x0000000096800000, 0x0000000096800000| Complete 
| 333|0x0000000096900000, 0x0000000096a00000, 0x0000000096a00000|100%| E|CS|TAMS 0x0000000096900000, 0x0000000096900000| Complete 
| 334|0x0000000096a00000, 0x0000000096b00000, 0x0000000096b00000|100%| E|CS|TAMS 0x0000000096a00000, 0x0000000096a00000| Complete 
| 335|0x0000000096b00000, 0x0000000096c00000, 0x0000000096c00000|100%| E|CS|TAMS 0x0000000096b00000, 0x0000000096b00000| Complete 
| 336|0x0000000096c00000, 0x0000000096d00000, 0x0000000096d00000|100%| E|CS|TAMS 0x0000000096c00000, 0x0000000096c00000| Complete 
| 337|0x0000000096d00000, 0x0000000096e00000, 0x0000000096e00000|100%| E|CS|TAMS 0x0000000096d00000, 0x0000000096d00000| Complete 
| 338|0x0000000096e00000, 0x0000000096f00000, 0x0000000096f00000|100%| E|CS|TAMS 0x0000000096e00000, 0x0000000096e00000| Complete 
| 339|0x0000000096f00000, 0x0000000097000000, 0x0000000097000000|100%| E|CS|TAMS 0x0000000096f00000, 0x0000000096f00000| Complete 
| 340|0x0000000097000000, 0x0000000097100000, 0x0000000097100000|100%| E|CS|TAMS 0x0000000097000000, 0x0000000097000000| Complete 
| 341|0x0000000097100000, 0x0000000097200000, 0x0000000097200000|100%| E|CS|TAMS 0x0000000097100000, 0x0000000097100000| Complete 
| 342|0x0000000097200000, 0x0000000097300000, 0x0000000097300000|100%| E|CS|TAMS 0x0000000097200000, 0x0000000097200000| Complete 
| 343|0x0000000097300000, 0x0000000097400000, 0x0000000097400000|100%| E|CS|TAMS 0x0000000097300000, 0x0000000097300000| Complete 
| 344|0x0000000097400000, 0x0000000097500000, 0x0000000097500000|100%| E|CS|TAMS 0x0000000097400000, 0x0000000097400000| Complete 
| 345|0x0000000097500000, 0x0000000097600000, 0x0000000097600000|100%| E|CS|TAMS 0x0000000097500000, 0x0000000097500000| Complete 
| 346|0x0000000097600000, 0x0000000097700000, 0x0000000097700000|100%| E|CS|TAMS 0x0000000097600000, 0x0000000097600000| Complete 
| 347|0x0000000097700000, 0x0000000097800000, 0x0000000097800000|100%| E|CS|TAMS 0x0000000097700000, 0x0000000097700000| Complete 
| 348|0x0000000097800000, 0x0000000097900000, 0x0000000097900000|100%| E|CS|TAMS 0x0000000097800000, 0x0000000097800000| Complete 
| 349|0x0000000097900000, 0x0000000097a00000, 0x0000000097a00000|100%| E|CS|TAMS 0x0000000097900000, 0x0000000097900000| Complete 
| 350|0x0000000097a00000, 0x0000000097b00000, 0x0000000097b00000|100%| E|CS|TAMS 0x0000000097a00000, 0x0000000097a00000| Complete 
| 351|0x0000000097b00000, 0x0000000097c00000, 0x0000000097c00000|100%| E|CS|TAMS 0x0000000097b00000, 0x0000000097b00000| Complete 
| 352|0x0000000097c00000, 0x0000000097d00000, 0x0000000097d00000|100%| E|CS|TAMS 0x0000000097c00000, 0x0000000097c00000| Complete 
| 353|0x0000000097d00000, 0x0000000097e00000, 0x0000000097e00000|100%| E|CS|TAMS 0x0000000097d00000, 0x0000000097d00000| Complete 
| 354|0x0000000097e00000, 0x0000000097f00000, 0x0000000097f00000|100%| E|CS|TAMS 0x0000000097e00000, 0x0000000097e00000| Complete 
| 355|0x0000000097f00000, 0x0000000098000000, 0x0000000098000000|100%| E|CS|TAMS 0x0000000097f00000, 0x0000000097f00000| Complete 
| 356|0x0000000098000000, 0x0000000098100000, 0x0000000098100000|100%| E|CS|TAMS 0x0000000098000000, 0x0000000098000000| Complete 
| 357|0x0000000098100000, 0x0000000098200000, 0x0000000098200000|100%| E|CS|TAMS 0x0000000098100000, 0x0000000098100000| Complete 
| 358|0x0000000098200000, 0x0000000098300000, 0x0000000098300000|100%| E|CS|TAMS 0x0000000098200000, 0x0000000098200000| Complete 
| 359|0x0000000098300000, 0x0000000098400000, 0x0000000098400000|100%| E|CS|TAMS 0x0000000098300000, 0x0000000098300000| Complete 

Card table byte_map: [0x00000292c7710000,0x00000292c7b10000] _byte_map_base: 0x00000292c7302000

Marking Bits (Prev, Next): (CMBitMap*) 0x00000292b4979e60, (CMBitMap*) 0x00000292b4979ea0
 Prev Bits: [0x00000292c7f10000, 0x00000292c9ea0000)
 Next Bits: [0x00000292c9ea0000, 0x00000292cbe30000)

Polling page: 0x00000292b2900000

Metaspace:

Usage:
  Non-class:     61.29 MB used.
      Class:      8.29 MB used.
       Both:     69.59 MB used.

Virtual space:
  Non-class space:       64.00 MB reserved,      61.50 MB ( 96%) committed,  8 nodes.
      Class space:        1.00 GB reserved,       8.50 MB ( <1%) committed,  1 nodes.
             Both:        1.06 GB reserved,      70.00 MB (  6%) committed. 

Chunk freelists:
   Non-Class:  2.25 MB
       Class:  3.48 MB
        Both:  5.72 MB

MaxMetaspaceSize: unlimited
CompressedClassSpaceSize: 1.00 GB
Initial GC threshold: 21.00 MB
Current GC threshold: 116.56 MB
CDS: off
MetaspaceReclaimPolicy: balanced
 - commit_granule_bytes: 65536.
 - commit_granule_words: 8192.
 - virtual_space_node_default_size: 1048576.
 - enlarge_chunks_in_place: 1.
 - new_chunks_are_fully_committed: 0.
 - uncommit_free_chunks: 1.
 - use_allocation_guard: 0.
 - handle_deallocations: 1.


Internal statistics:

num_allocs_failed_limit: 9.
num_arena_births: 522.
num_arena_deaths: 66.
num_vsnodes_births: 9.
num_vsnodes_deaths: 0.
num_space_committed: 1120.
num_space_uncommitted: 0.
num_chunks_returned_to_freelist: 90.
num_chunks_taken_from_freelist: 2734.
num_chunk_merges: 25.
num_chunk_splits: 1891.
num_chunks_enlarged: 1452.
num_purges: 2.
num_inconsistent_stats: 0.

CodeHeap 'non-profiled nmethods': size=120000Kb used=11027Kb max_used=11027Kb free=108972Kb
 bounds [0x00000292bfab0000, 0x00000292c0580000, 0x00000292c6fe0000]
CodeHeap 'profiled nmethods': size=120000Kb used=15360Kb max_used=19996Kb free=104639Kb
 bounds [0x00000292b8580000, 0x00000292b9910000, 0x00000292bfab0000]
CodeHeap 'non-nmethods': size=5760Kb used=1330Kb max_used=1413Kb free=4429Kb
 bounds [0x00000292b7fe0000, 0x00000292b8250000, 0x00000292b8580000]
 total_blobs=10131 nmethods=9473 adapters=570
 compilation: enabled
              stopped_count=0, restarted_count=0
 full_count=0

Compilation events (20 events):
Event: 25353.626 Thread 0x00000292ce8a9a30 nmethod 13023 0x00000292c0574c10 code [0x00000292c0574d80, 0x00000292c0574e18]
Event: 25353.626 Thread 0x00000292ce8a9a30 13024   !   4       org.apache.catalina.connector.CoyoteAdapter::service (896 bytes)
Event: 25353.626 Thread 0x00000292ce8abe90 13025       3       org.apache.tomcat.util.buf.B2CConverter::convert (452 bytes)
Event: 25353.632 Thread 0x00000292ce8abe90 nmethod 13025 0x00000292b9348890 code [0x00000292b9348de0, 0x00000292b934be98]
Event: 25353.659 Thread 0x00000292ce8abe90 13029       3       org.apache.catalina.core.StandardContext::findFilterMaps (8 bytes)
Event: 25353.660 Thread 0x00000292ce8abe90 nmethod 13029 0x00000292b9186610 code [0x00000292b91867c0, 0x00000292b9186a18]
Event: 25353.676 Thread 0x00000292ce8abe90 13030       2       org.apache.catalina.core.ApplicationFilterFactory::createFilterChain (344 bytes)
Event: 25353.679 Thread 0x00000292ce8abe90 nmethod 13030 0x00000292b86a5f90 code [0x00000292b86a6240, 0x00000292b86a6e88]
Event: 25353.682 Thread 0x00000292ce8abe90 13031   !   3       org.apache.catalina.connector.Request::parseParameters (703 bytes)
Event: 25353.697 Thread 0x00000292ce8abe90 nmethod 13031 0x00000292b97b6d10 code [0x00000292b97b7740, 0x00000292b97bdab8]
Event: 25353.697 Thread 0x00000292ce8abe90 13034   !   3       org.apache.coyote.http11.Http11Processor::service (1248 bytes)
Event: 25353.718 Thread 0x00000292ce8abe90 nmethod 13034 0x00000292b9403a90 code [0x00000292b94045c0, 0x00000292b940cc48]
Event: 25353.719 Thread 0x00000292ce8abe90 13032   !   2       org.apache.coyote.AbstractProtocol$ConnectionHandler::process (1272 bytes)
Event: 25353.741 Thread 0x00000292ce8abe90 nmethod 13032 0x00000292b943aa10 code [0x00000292b943b340, 0x00000292b9443138]
Event: 25353.741 Thread 0x00000292ce8abe90 13037       3       org.apache.tomcat.util.buf.CharChunk::allocate (49 bytes)
Event: 25353.742 Thread 0x00000292ce8abe90 nmethod 13037 0x00000292b95e5810 code [0x00000292b95e59c0, 0x00000292b95e5cf8]
Event: 25353.742 Thread 0x00000292ce8abe90 13035   !   3       org.springframework.http.converter.json.AbstractJackson2HttpMessageConverter::writeInternal (481 bytes)
Event: 25353.752 Thread 0x00000292ce8abe90 nmethod 13035 0x00000292b97c6790 code [0x00000292b97c6fa0, 0x00000292b97cb398]
Event: 25353.752 Thread 0x00000292ce8abe90 13033   !   3       org.apache.catalina.core.StandardWrapperValve::invoke (2665 bytes)
Event: 25353.818 Thread 0x00000292ce8abe90 nmethod 13033 0x00000292b9726090 code [0x00000292b9728620, 0x00000292b9746808]

GC Heap History (20 events):
Event: 25298.245 GC heap before
{Heap before GC invocations=76 (full 0):
 garbage-first heap   total 368640K, used 247578K [0x0000000081c00000, 0x0000000100000000)
  region size 1024K, 216 young (221184K), 2 survivors (2048K)
 Metaspace       used 71238K, committed 71680K, reserved 1114112K
  class space    used 8493K, committed 8704K, reserved 1048576K
}
Event: 25298.266 GC heap after
{Heap after GC invocations=77 (full 0):
 garbage-first heap   total 368640K, used 28506K [0x0000000081c00000, 0x0000000100000000)
  region size 1024K, 2 young (2048K), 2 survivors (2048K)
 Metaspace       used 71238K, committed 71680K, reserved 1114112K
  class space    used 8493K, committed 8704K, reserved 1048576K
}
Event: 25303.018 GC heap before
{Heap before GC invocations=77 (full 0):
 garbage-first heap   total 368640K, used 247642K [0x0000000081c00000, 0x0000000100000000)
  region size 1024K, 216 young (221184K), 2 survivors (2048K)
 Metaspace       used 71247K, committed 71680K, reserved 1114112K
  class space    used 8493K, committed 8704K, reserved 1048576K
}
Event: 25303.021 GC heap after
{Heap after GC invocations=78 (full 0):
 garbage-first heap   total 368640K, used 28437K [0x0000000081c00000, 0x0000000100000000)
  region size 1024K, 2 young (2048K), 2 survivors (2048K)
 Metaspace       used 71247K, committed 71680K, reserved 1114112K
  class space    used 8493K, committed 8704K, reserved 1048576K
}
Event: 25308.786 GC heap before
{Heap before GC invocations=78 (full 0):
 garbage-first heap   total 368640K, used 247573K [0x0000000081c00000, 0x0000000100000000)
  region size 1024K, 216 young (221184K), 2 survivors (2048K)
 Metaspace       used 71252K, committed 71680K, reserved 1114112K
  class space    used 8493K, committed 8704K, reserved 1048576K
}
Event: 25308.789 GC heap after
{Heap after GC invocations=79 (full 0):
 garbage-first heap   total 368640K, used 28479K [0x0000000081c00000, 0x0000000100000000)
  region size 1024K, 2 young (2048K), 2 survivors (2048K)
 Metaspace       used 71252K, committed 71680K, reserved 1114112K
  class space    used 8493K, committed 8704K, reserved 1048576K
}
Event: 25314.349 GC heap before
{Heap before GC invocations=79 (full 0):
 garbage-first heap   total 368640K, used 247615K [0x0000000081c00000, 0x0000000100000000)
  region size 1024K, 216 young (221184K), 2 survivors (2048K)
 Metaspace       used 71253K, committed 71680K, reserved 1114112K
  class space    used 8493K, committed 8704K, reserved 1048576K
}
Event: 25314.352 GC heap after
{Heap after GC invocations=80 (full 0):
 garbage-first heap   total 368640K, used 28441K [0x0000000081c00000, 0x0000000100000000)
  region size 1024K, 2 young (2048K), 2 survivors (2048K)
 Metaspace       used 71253K, committed 71680K, reserved 1114112K
  class space    used 8493K, committed 8704K, reserved 1048576K
}
Event: 25320.327 GC heap before
{Heap before GC invocations=80 (full 0):
 garbage-first heap   total 368640K, used 247577K [0x0000000081c00000, 0x0000000100000000)
  region size 1024K, 216 young (221184K), 2 survivors (2048K)
 Metaspace       used 71253K, committed 71680K, reserved 1114112K
  class space    used 8493K, committed 8704K, reserved 1048576K
}
Event: 25320.331 GC heap after
{Heap after GC invocations=81 (full 0):
 garbage-first heap   total 368640K, used 28420K [0x0000000081c00000, 0x0000000100000000)
  region size 1024K, 1 young (1024K), 1 survivors (1024K)
 Metaspace       used 71253K, committed 71680K, reserved 1114112K
  class space    used 8493K, committed 8704K, reserved 1048576K
}
Event: 25325.778 GC heap before
{Heap before GC invocations=81 (full 0):
 garbage-first heap   total 368640K, used 248580K [0x0000000081c00000, 0x0000000100000000)
  region size 1024K, 216 young (221184K), 1 survivors (1024K)
 Metaspace       used 71253K, committed 71680K, reserved 1114112K
  class space    used 8493K, committed 8704K, reserved 1048576K
}
Event: 25325.782 GC heap after
{Heap after GC invocations=82 (full 0):
 garbage-first heap   total 368640K, used 28458K [0x0000000081c00000, 0x0000000100000000)
  region size 1024K, 2 young (2048K), 2 survivors (2048K)
 Metaspace       used 71253K, committed 71680K, reserved 1114112K
  class space    used 8493K, committed 8704K, reserved 1048576K
}
Event: 25331.352 GC heap before
{Heap before GC invocations=82 (full 0):
 garbage-first heap   total 368640K, used 247594K [0x0000000081c00000, 0x0000000100000000)
  region size 1024K, 216 young (221184K), 2 survivors (2048K)
 Metaspace       used 71253K, committed 71680K, reserved 1114112K
  class space    used 8493K, committed 8704K, reserved 1048576K
}
Event: 25331.356 GC heap after
{Heap after GC invocations=83 (full 0):
 garbage-first heap   total 368640K, used 28458K [0x0000000081c00000, 0x0000000100000000)
  region size 1024K, 2 young (2048K), 2 survivors (2048K)
 Metaspace       used 71253K, committed 71680K, reserved 1114112K
  class space    used 8493K, committed 8704K, reserved 1048576K
}
Event: 25338.168 GC heap before
{Heap before GC invocations=83 (full 0):
 garbage-first heap   total 368640K, used 247594K [0x0000000081c00000, 0x0000000100000000)
  region size 1024K, 216 young (221184K), 2 survivors (2048K)
 Metaspace       used 71253K, committed 71680K, reserved 1114112K
  class space    used 8493K, committed 8704K, reserved 1048576K
}
Event: 25338.171 GC heap after
{Heap after GC invocations=84 (full 0):
 garbage-first heap   total 368640K, used 28484K [0x0000000081c00000, 0x0000000100000000)
  region size 1024K, 2 young (2048K), 2 survivors (2048K)
 Metaspace       used 71253K, committed 71680K, reserved 1114112K
  class space    used 8493K, committed 8704K, reserved 1048576K
}
Event: 25344.027 GC heap before
{Heap before GC invocations=84 (full 0):
 garbage-first heap   total 368640K, used 247620K [0x0000000081c00000, 0x0000000100000000)
  region size 1024K, 216 young (221184K), 2 survivors (2048K)
 Metaspace       used 71253K, committed 71680K, reserved 1114112K
  class space    used 8493K, committed 8704K, reserved 1048576K
}
Event: 25344.030 GC heap after
{Heap after GC invocations=85 (full 0):
 garbage-first heap   total 368640K, used 28463K [0x0000000081c00000, 0x0000000100000000)
  region size 1024K, 2 young (2048K), 2 survivors (2048K)
 Metaspace       used 71253K, committed 71680K, reserved 1114112K
  class space    used 8493K, committed 8704K, reserved 1048576K
}
Event: 25349.733 GC heap before
{Heap before GC invocations=85 (full 0):
 garbage-first heap   total 368640K, used 247599K [0x0000000081c00000, 0x0000000100000000)
  region size 1024K, 216 young (221184K), 2 survivors (2048K)
 Metaspace       used 71256K, committed 71680K, reserved 1114112K
  class space    used 8493K, committed 8704K, reserved 1048576K
}
Event: 25349.800 GC heap after
{Heap after GC invocations=86 (full 0):
 garbage-first heap   total 368640K, used 28527K [0x0000000081c00000, 0x0000000100000000)
  region size 1024K, 1 young (1024K), 1 survivors (1024K)
 Metaspace       used 71256K, committed 71680K, reserved 1114112K
  class space    used 8493K, committed 8704K, reserved 1048576K
}

Deoptimization events (20 events):
Event: 25353.393 Thread 0x00000292d081b0c0 Uncommon trap: trap_request=0xfffffff4 fr.pc=0x00000292c01e5220 relative=0x0000000000001bc0
Event: 25353.393 Thread 0x00000292d081b0c0 Uncommon trap: reason=null_check action=make_not_entrant pc=0x00000292c01e5220 method=org.apache.catalina.core.ApplicationFilterFactory.createFilterChain(Ljavax/servlet/ServletRequest;Lorg/apache/catalina/Wrapper;Ljavax/servlet/Servlet;)Lorg/apache/catali
Event: 25353.393 Thread 0x00000292d081b0c0 DEOPT PACKING pc=0x00000292c01e5220 sp=0x000000b8bfefee70
Event: 25353.393 Thread 0x00000292d081b0c0 DEOPT UNPACKING pc=0x00000292b80323a3 sp=0x000000b8bfefee18 mode 2
Event: 25353.393 Thread 0x00000292d081b0c0 Uncommon trap: trap_request=0xffffff45 fr.pc=0x00000292bfc56ad4 relative=0x00000000000002b4
Event: 25353.393 Thread 0x00000292d081b0c0 Uncommon trap: reason=unstable_if action=reinterpret pc=0x00000292bfc56ad4 method=org.apache.catalina.core.ApplicationFilterChain.addFilter(Lorg/apache/catalina/core/ApplicationFilterConfig;)V @ 45 c2
Event: 25353.393 Thread 0x00000292d081b0c0 DEOPT PACKING pc=0x00000292bfc56ad4 sp=0x000000b8bfefedc0
Event: 25353.393 Thread 0x00000292d081b0c0 DEOPT UNPACKING pc=0x00000292b80323a3 sp=0x000000b8bfefed78 mode 2
Event: 25353.393 Thread 0x00000292d081b0c0 Uncommon trap: trap_request=0xffffff45 fr.pc=0x00000292c035cbe0 relative=0x0000000000000b00
Event: 25353.393 Thread 0x00000292d081b0c0 Uncommon trap: reason=unstable_if action=reinterpret pc=0x00000292c035cbe0 method=org.apache.catalina.connector.Response.getResponse()Ljavax/servlet/http/HttpServletResponse; @ 4 c2
Event: 25353.393 Thread 0x00000292d081b0c0 DEOPT PACKING pc=0x00000292c035cbe0 sp=0x000000b8bfefef20
Event: 25353.393 Thread 0x00000292d081b0c0 DEOPT UNPACKING pc=0x00000292b80323a3 sp=0x000000b8bfefee28 mode 2
Event: 25353.394 Thread 0x00000292d081b0c0 Uncommon trap: trap_request=0xffffff45 fr.pc=0x00000292c0378138 relative=0x0000000000002118
Event: 25353.394 Thread 0x00000292d081b0c0 Uncommon trap: reason=unstable_if action=reinterpret pc=0x00000292c0378138 method=org.apache.tomcat.util.buf.ByteChunk.allocate(II)V @ 4 c2
Event: 25353.394 Thread 0x00000292d081b0c0 DEOPT PACKING pc=0x00000292c0378138 sp=0x000000b8bfefe3d0
Event: 25353.394 Thread 0x00000292d081b0c0 DEOPT UNPACKING pc=0x00000292b80323a3 sp=0x000000b8bfefe210 mode 2
Event: 25353.397 Thread 0x00000292d081b0c0 Uncommon trap: trap_request=0xffffff45 fr.pc=0x00000292c03bc8b8 relative=0x00000000000039f8
Event: 25353.397 Thread 0x00000292d081b0c0 Uncommon trap: reason=unstable_if action=reinterpret pc=0x00000292c03bc8b8 method=org.apache.catalina.connector.Response.getOutputStream()Ljavax/servlet/ServletOutputStream; @ 32 c2
Event: 25353.397 Thread 0x00000292d081b0c0 DEOPT PACKING pc=0x00000292c03bc8b8 sp=0x000000b8bfefe220
Event: 25353.397 Thread 0x00000292d081b0c0 DEOPT UNPACKING pc=0x00000292b80323a3 sp=0x000000b8bfefe0c0 mode 2

Classes unloaded (20 events):
Event: 24316.575 Thread 0x00000292ce858540 Unloading class 0x00000001002dc000 'jdk/internal/reflect/GeneratedConstructorAccessor9'
Event: 24316.722 Thread 0x00000292ce858540 Unloading class 0x00000001002c8800 'jdk/internal/reflect/GeneratedConstructorAccessor8'
Event: 24316.722 Thread 0x00000292ce858540 Unloading class 0x00000001002c8400 'jdk/internal/reflect/GeneratedConstructorAccessor7'
Event: 24316.722 Thread 0x00000292ce858540 Unloading class 0x00000001002c8000 'jdk/internal/reflect/GeneratedConstructorAccessor6'
Event: 24316.741 Thread 0x00000292ce858540 Unloading class 0x00000001002bc000 'jdk/internal/reflect/GeneratedConstructorAccessor5'
Event: 24316.864 Thread 0x00000292ce858540 Unloading class 0x0000000100284800 'java/lang/invoke/LambdaForm$DMH+0x0000000100284800'
Event: 24316.910 Thread 0x00000292ce858540 Unloading class 0x00000001001ca800 'java/lang/invoke/LambdaForm$MH+0x00000001001ca800'
Event: 24316.910 Thread 0x00000292ce858540 Unloading class 0x00000001001ca400 'java/lang/invoke/LambdaForm$MH+0x00000001001ca400'
Event: 24316.910 Thread 0x00000292ce858540 Unloading class 0x00000001001ca000 'java/lang/invoke/LambdaForm$MH+0x00000001001ca000'
Event: 24316.910 Thread 0x00000292ce858540 Unloading class 0x00000001001c9c00 'java/lang/invoke/LambdaForm$MH+0x00000001001c9c00'
Event: 24316.919 Thread 0x00000292ce858540 Unloading class 0x00000001001c9400 'java/lang/invoke/LambdaForm$MH+0x00000001001c9400'
Event: 24316.919 Thread 0x00000292ce858540 Unloading class 0x00000001001c9000 'java/lang/invoke/LambdaForm$MH+0x00000001001c9000'
Event: 24316.919 Thread 0x00000292ce858540 Unloading class 0x00000001001c8c00 'java/lang/invoke/LambdaForm$MH+0x00000001001c8c00'
Event: 24316.919 Thread 0x00000292ce858540 Unloading class 0x00000001001c8800 'java/lang/invoke/LambdaForm$MH+0x00000001001c8800'
Event: 24316.964 Thread 0x00000292ce858540 Unloading class 0x000000010019b800 'java/lang/invoke/LambdaForm$MH+0x000000010019b800'
Event: 24316.964 Thread 0x00000292ce858540 Unloading class 0x000000010019b000 'java/lang/invoke/LambdaForm$MH+0x000000010019b000'
Event: 24316.964 Thread 0x00000292ce858540 Unloading class 0x000000010019ac00 'java/lang/invoke/LambdaForm$MH+0x000000010019ac00'
Event: 24316.964 Thread 0x00000292ce858540 Unloading class 0x000000010019a800 'java/lang/invoke/LambdaForm$MH+0x000000010019a800'
Event: 24316.964 Thread 0x00000292ce858540 Unloading class 0x000000010019a000 'java/lang/invoke/LambdaForm$MH+0x000000010019a000'
Event: 24316.964 Thread 0x00000292ce858540 Unloading class 0x0000000100199800 'java/lang/invoke/LambdaForm$MH+0x0000000100199800'

Classes redefined (0 events):
No events

Internal exceptions (20 events):
Event: 25044.482 Thread 0x00000292d2c9ebd0 Implicit null exception at 0x00000292c005d640 to 0x00000292c005e688
Event: 25044.483 Thread 0x00000292d2c9ebd0 Implicit null exception at 0x00000292c005d640 to 0x00000292c005e688
Event: 25044.483 Thread 0x00000292d2c9ebd0 Implicit null exception at 0x00000292c005d640 to 0x00000292c005e688
Event: 25044.483 Thread 0x00000292d2c9ebd0 Implicit null exception at 0x00000292c005d640 to 0x00000292c005e688
Event: 25061.705 Thread 0x00000292d081a250 Implicit null exception at 0x00000292c0437da2 to 0x00000292c0439c18
Event: 25074.945 Thread 0x00000292d0819d80 Implicit null exception at 0x00000292c03f00b0 to 0x00000292c03f00ca
Event: 25082.584 Thread 0x00000292d2c9ebd0 Exception <a 'java/io/IOException'{0x00000000902dd9f0}> (0x00000000902dd9f0) 
thrown [e:\jenkins\tmp\workspace\build\src\src\hotspot\share\prims\jni.cpp, line 516]
Event: 25094.736 Thread 0x00000292d2c9c550 Exception <a 'java/io/IOException'{0x000000008c86ef20}> (0x000000008c86ef20) 
thrown [e:\jenkins\tmp\workspace\build\src\src\hotspot\share\prims\jni.cpp, line 516]
Event: 25101.618 Thread 0x00000292d2ca38d0 Exception <a 'java/io/IOException'{0x0000000097ad9940}> (0x0000000097ad9940) 
thrown [e:\jenkins\tmp\workspace\build\src\src\hotspot\share\prims\jni.cpp, line 516]
Event: 25101.618 Thread 0x00000292d2ca38d0 Exception <a 'java/io/IOException'{0x0000000097ada480}> (0x0000000097ada480) 
thrown [e:\jenkins\tmp\workspace\build\src\src\hotspot\share\prims\jni.cpp, line 516]
Event: 25102.578 Thread 0x00000292d2ca38d0 Exception <a 'java/io/IOException'{0x0000000097add0c0}> (0x0000000097add0c0) 
thrown [e:\jenkins\tmp\workspace\build\src\src\hotspot\share\prims\jni.cpp, line 516]
Event: 25116.288 Thread 0x00000292d2ca38d0 Exception <a 'java/io/IOException'{0x0000000092a01f98}> (0x0000000092a01f98) 
thrown [e:\jenkins\tmp\workspace\build\src\src\hotspot\share\prims\jni.cpp, line 516]
Event: 25124.884 Thread 0x00000292d2ca38d0 Exception <a 'java/io/IOException'{0x000000009086f060}> (0x000000009086f060) 
thrown [e:\jenkins\tmp\workspace\build\src\src\hotspot\share\prims\jni.cpp, line 516]
Event: 25353.392 Thread 0x00000292d081b0c0 Implicit null exception at 0x00000292c04720a5 to 0x00000292c0474f7c
Event: 25353.392 Thread 0x00000292d081b0c0 Implicit null exception at 0x00000292c0450340 to 0x00000292c04523f8
Event: 25353.393 Thread 0x00000292d081b0c0 Implicit null exception at 0x00000292c048abf3 to 0x00000292c048db8c
Event: 25353.393 Thread 0x00000292d081b0c0 Implicit null exception at 0x00000292c040fa30 to 0x00000292c040fa7c
Event: 25353.393 Thread 0x00000292d081b0c0 Implicit null exception at 0x00000292c0456f15 to 0x00000292c045760c
Event: 25353.393 Thread 0x00000292d081b0c0 Implicit null exception at 0x00000292c01e36a1 to 0x00000292c01e5204
Event: 25353.394 Thread 0x00000292d081b0c0 Implicit null exception at 0x00000292c037620f to 0x00000292c0378104

VM Operations (20 events):
Event: 25314.349 Executing VM operation: G1CollectForAllocation
Event: 25314.353 Executing VM operation: G1CollectForAllocation done
Event: 25320.327 Executing VM operation: G1CollectForAllocation
Event: 25320.331 Executing VM operation: G1CollectForAllocation done
Event: 25325.778 Executing VM operation: G1CollectForAllocation
Event: 25325.782 Executing VM operation: G1CollectForAllocation done
Event: 25331.352 Executing VM operation: G1CollectForAllocation
Event: 25331.356 Executing VM operation: G1CollectForAllocation done
Event: 25338.167 Executing VM operation: G1CollectForAllocation
Event: 25338.171 Executing VM operation: G1CollectForAllocation done
Event: 25344.027 Executing VM operation: G1CollectForAllocation
Event: 25344.031 Executing VM operation: G1CollectForAllocation done
Event: 25348.060 Executing VM operation: Cleanup
Event: 25348.060 Executing VM operation: Cleanup done
Event: 25349.063 Executing VM operation: Cleanup
Event: 25349.063 Executing VM operation: Cleanup done
Event: 25349.733 Executing VM operation: G1CollectForAllocation
Event: 25349.800 Executing VM operation: G1CollectForAllocation done
Event: 25353.841 Executing VM operation: Cleanup
Event: 25353.842 Executing VM operation: Cleanup done

Events (20 events):
Event: 25101.616 Thread 0x00000292d2ca38d0 Thread added: 0x00000292d2ca38d0
Event: 25101.618 Thread 0x00000292d2c9ca20 Thread added: 0x00000292d2c9ca20
Event: 25108.339 Thread 0x00000292d2ca38d0 Thread exited: 0x00000292d2ca38d0
Event: 25108.354 Thread 0x00000292d2c9ca20 Thread exited: 0x00000292d2c9ca20
Event: 25116.287 Thread 0x00000292d2ca38d0 Thread added: 0x00000292d2ca38d0
Event: 25116.287 Thread 0x00000292d2c9c080 Thread added: 0x00000292d2c9c080
Event: 25121.300 Thread 0x00000292d2ca38d0 Thread exited: 0x00000292d2ca38d0
Event: 25121.347 Thread 0x00000292d2c9c080 Thread exited: 0x00000292d2c9c080
Event: 25124.883 Thread 0x00000292d2ca38d0 Thread added: 0x00000292d2ca38d0
Event: 25124.883 Thread 0x00000292d2c9ebd0 Thread added: 0x00000292d2c9ebd0
Event: 25129.894 Thread 0x00000292d2ca38d0 Thread exited: 0x00000292d2ca38d0
Event: 25129.910 Thread 0x00000292d2c9ebd0 Thread exited: 0x00000292d2c9ebd0
Event: 25288.287 Thread 0x00000292d2ca03e0 Thread added: 0x00000292d2ca03e0
Event: 25293.560 Thread 0x00000292d2ca03e0 Thread exited: 0x00000292d2ca03e0
Event: 25297.526 Thread 0x00000292d2c9ebd0 Thread added: 0x00000292d2c9ebd0
Event: 25302.537 Thread 0x00000292d2c9ebd0 Thread exited: 0x00000292d2c9ebd0
Event: 25309.978 Thread 0x00000292d2c9ebd0 Thread added: 0x00000292d2c9ebd0
Event: 25314.992 Thread 0x00000292d2c9ebd0 Thread exited: 0x00000292d2c9ebd0
Event: 25318.493 Thread 0x00000292d2c9c080 Thread added: 0x00000292d2c9c080
Event: 25323.502 Thread 0x00000292d2c9c080 Thread exited: 0x00000292d2c9c080


Dynamic libraries:
0x00007ff642010000 - 0x00007ff64201e000 	C:\Program Files\eclipse\plugins\org.eclipse.justj.openjdk.hotspot.jre.full.win32.x86_64_17.0.1.v20211116-1657\jre\bin\javaw.exe
0x00007ffcd7ef0000 - 0x00007ffcd80e5000 	C:\WINDOWS\SYSTEM32\ntdll.dll
0x00007ffcd6640000 - 0x00007ffcd66fe000 	C:\WINDOWS\System32\KERNEL32.DLL
0x00007ffcd57b0000 - 0x00007ffcd5a78000 	C:\WINDOWS\System32\KERNELBASE.dll
0x00007ffcd5a80000 - 0x00007ffcd5b80000 	C:\WINDOWS\System32\ucrtbase.dll
0x00007ffcd0e60000 - 0x00007ffcd0e78000 	C:\Program Files\eclipse\plugins\org.eclipse.justj.openjdk.hotspot.jre.full.win32.x86_64_17.0.1.v20211116-1657\jre\bin\jli.dll
0x00007ffcd6e50000 - 0x00007ffcd6ff0000 	C:\WINDOWS\System32\USER32.dll
0x00007ffcd5e80000 - 0x00007ffcd5ea2000 	C:\WINDOWS\System32\win32u.dll
0x00007ffcd6610000 - 0x00007ffcd663b000 	C:\WINDOWS\System32\GDI32.dll
0x00007ffcce650000 - 0x00007ffcce8ea000 	C:\WINDOWS\WinSxS\amd64_microsoft.windows.common-controls_6595b64144ccf1df_6.0.19041.1110_none_60b5254171f9507e\COMCTL32.dll
0x00007ffcd5b80000 - 0x00007ffcd5c8b000 	C:\WINDOWS\System32\gdi32full.dll
0x00007ffcd7d50000 - 0x00007ffcd7dee000 	C:\WINDOWS\System32\msvcrt.dll
0x00007ffcd5eb0000 - 0x00007ffcd5f4d000 	C:\WINDOWS\System32\msvcp_win.dll
0x00007ffcd0690000 - 0x00007ffcd06a9000 	C:\Program Files\eclipse\plugins\org.eclipse.justj.openjdk.hotspot.jre.full.win32.x86_64_17.0.1.v20211116-1657\jre\bin\VCRUNTIME140.dll
0x00007ffcd65d0000 - 0x00007ffcd6600000 	C:\WINDOWS\System32\IMM32.DLL
0x00007ffcd2660000 - 0x00007ffcd266c000 	C:\Program Files\eclipse\plugins\org.eclipse.justj.openjdk.hotspot.jre.full.win32.x86_64_17.0.1.v20211116-1657\jre\bin\vcruntime140_1.dll
0x00007ffccd9c0000 - 0x00007ffccda51000 	C:\Program Files\eclipse\plugins\org.eclipse.justj.openjdk.hotspot.jre.full.win32.x86_64_17.0.1.v20211116-1657\jre\bin\msvcp140.dll
0x00007ffc9d480000 - 0x00007ffc9e0c6000 	C:\Program Files\eclipse\plugins\org.eclipse.justj.openjdk.hotspot.jre.full.win32.x86_64_17.0.1.v20211116-1657\jre\bin\server\jvm.dll
0x00007ffcd6410000 - 0x00007ffcd64be000 	C:\WINDOWS\System32\ADVAPI32.dll
0x00007ffcd7200000 - 0x00007ffcd729c000 	C:\WINDOWS\System32\sechost.dll
0x00007ffcd7720000 - 0x00007ffcd7845000 	C:\WINDOWS\System32\RPCRT4.dll
0x00007ffcd6600000 - 0x00007ffcd6608000 	C:\WINDOWS\System32\PSAPI.DLL
0x00007ffcc09f0000 - 0x00007ffcc0a17000 	C:\WINDOWS\SYSTEM32\WINMM.dll
0x00007ffccf4b0000 - 0x00007ffccf4ba000 	C:\WINDOWS\SYSTEM32\VERSION.dll
0x00007ffcbeb00000 - 0x00007ffcbeb09000 	C:\WINDOWS\SYSTEM32\WSOCK32.dll
0x00007ffcd7980000 - 0x00007ffcd79eb000 	C:\WINDOWS\System32\WS2_32.dll
0x00007ffcd3e60000 - 0x00007ffcd3e72000 	C:\WINDOWS\SYSTEM32\kernel.appcore.dll
0x00007ffca8720000 - 0x00007ffca872a000 	C:\Program Files\eclipse\plugins\org.eclipse.justj.openjdk.hotspot.jre.full.win32.x86_64_17.0.1.v20211116-1657\jre\bin\jimage.dll
0x00007ffcd33d0000 - 0x00007ffcd35b4000 	C:\WINDOWS\SYSTEM32\DBGHELP.DLL
0x00007ffcba490000 - 0x00007ffcba4bc000 	C:\WINDOWS\SYSTEM32\dbgcore.DLL
0x00007ffcd5df0000 - 0x00007ffcd5e72000 	C:\WINDOWS\System32\bcryptPrimitives.dll
0x00007ffca0dd0000 - 0x00007ffca0df5000 	C:\Program Files\eclipse\plugins\org.eclipse.justj.openjdk.hotspot.jre.full.win32.x86_64_17.0.1.v20211116-1657\jre\bin\java.dll
0x00007ffc9d460000 - 0x00007ffc9d478000 	C:\Program Files\eclipse\plugins\org.eclipse.justj.openjdk.hotspot.jre.full.win32.x86_64_17.0.1.v20211116-1657\jre\bin\zip.dll
0x00007ffcd6700000 - 0x00007ffcd6e44000 	C:\WINDOWS\System32\SHELL32.dll
0x00007ffcd36c0000 - 0x00007ffcd3e54000 	C:\WINDOWS\SYSTEM32\windows.storage.dll
0x00007ffcd5fd0000 - 0x00007ffcd6324000 	C:\WINDOWS\System32\combase.dll
0x00007ffcd4f20000 - 0x00007ffcd4f4c000 	C:\WINDOWS\SYSTEM32\Wldp.dll
0x00007ffcd6520000 - 0x00007ffcd65cd000 	C:\WINDOWS\System32\SHCORE.dll
0x00007ffcd64c0000 - 0x00007ffcd6515000 	C:\WINDOWS\System32\shlwapi.dll
0x00007ffcd5550000 - 0x00007ffcd556f000 	C:\WINDOWS\SYSTEM32\profapi.dll
0x00007ffc9d440000 - 0x00007ffc9d459000 	C:\Program Files\eclipse\plugins\org.eclipse.justj.openjdk.hotspot.jre.full.win32.x86_64_17.0.1.v20211116-1657\jre\bin\net.dll
0x00007ffccb5f0000 - 0x00007ffccb6f9000 	C:\WINDOWS\SYSTEM32\WINHTTP.dll
0x00007ffcd4ca0000 - 0x00007ffcd4d0a000 	C:\WINDOWS\system32\mswsock.dll
0x00007ffc9d420000 - 0x00007ffc9d435000 	C:\Program Files\eclipse\plugins\org.eclipse.justj.openjdk.hotspot.jre.full.win32.x86_64_17.0.1.v20211116-1657\jre\bin\nio.dll
0x00007ffca0dc0000 - 0x00007ffca0dd0000 	C:\Program Files\eclipse\plugins\org.eclipse.justj.openjdk.hotspot.jre.full.win32.x86_64_17.0.1.v20211116-1657\jre\bin\verify.dll
0x00007ffca1bd0000 - 0x00007ffca1bd9000 	C:\Program Files\eclipse\plugins\org.eclipse.justj.openjdk.hotspot.jre.full.win32.x86_64_17.0.1.v20211116-1657\jre\bin\management.dll
0x00007ffca14e0000 - 0x00007ffca14eb000 	C:\Program Files\eclipse\plugins\org.eclipse.justj.openjdk.hotspot.jre.full.win32.x86_64_17.0.1.v20211116-1657\jre\bin\management_ext.dll
0x00007ffccd4d0000 - 0x00007ffccd4e7000 	C:\WINDOWS\system32\napinsp.dll
0x00007ffccd460000 - 0x00007ffccd47b000 	C:\WINDOWS\system32\pnrpnsp.dll
0x00007ffccf6c0000 - 0x00007ffccf6d5000 	C:\WINDOWS\system32\wshbth.dll
0x00007ffccfe00000 - 0x00007ffccfe1d000 	C:\WINDOWS\system32\NLAapi.dll
0x00007ffcd49b0000 - 0x00007ffcd49eb000 	C:\WINDOWS\SYSTEM32\IPHLPAPI.DLL
0x00007ffcd4a50000 - 0x00007ffcd4b1a000 	C:\WINDOWS\SYSTEM32\DNSAPI.dll
0x00007ffcd7c20000 - 0x00007ffcd7c28000 	C:\WINDOWS\System32\NSI.dll
0x00007ffcce9c0000 - 0x00007ffcce9d2000 	C:\WINDOWS\System32\winrnr.dll
0x00007ffccd270000 - 0x00007ffccd27a000 	C:\Windows\System32\rasadhlp.dll
0x00007ffcca570000 - 0x00007ffcca5ef000 	C:\WINDOWS\System32\fwpuclnt.dll
0x00007ffcd5730000 - 0x00007ffcd5757000 	C:\WINDOWS\System32\bcrypt.dll
0x00007ffcd5120000 - 0x00007ffcd5138000 	C:\WINDOWS\SYSTEM32\CRYPTSP.dll
0x00007ffcd4640000 - 0x00007ffcd4674000 	C:\WINDOWS\system32\rsaenh.dll
0x00007ffcd5510000 - 0x00007ffcd553e000 	C:\WINDOWS\SYSTEM32\USERENV.dll
0x00007ffcd4e30000 - 0x00007ffcd4e3c000 	C:\WINDOWS\SYSTEM32\CRYPTBASE.dll
0x00007ffccd250000 - 0x00007ffccd267000 	C:\WINDOWS\SYSTEM32\dhcpcsvc6.DLL
0x00007ffccd610000 - 0x00007ffccd62d000 	C:\WINDOWS\SYSTEM32\dhcpcsvc.DLL
0x00007ffcb98c0000 - 0x00007ffcb98ce000 	C:\Program Files\eclipse\plugins\org.eclipse.justj.openjdk.hotspot.jre.full.win32.x86_64_17.0.1.v20211116-1657\jre\bin\sunmscapi.dll
0x00007ffcd5c90000 - 0x00007ffcd5de6000 	C:\WINDOWS\System32\CRYPT32.dll
0x00007ffcd4f90000 - 0x00007ffcd4fb7000 	C:\WINDOWS\SYSTEM32\ncrypt.dll
0x00007ffcd4f50000 - 0x00007ffcd4f8b000 	C:\WINDOWS\SYSTEM32\NTASN1.dll
0x00007ffcd0670000 - 0x00007ffcd0677000 	C:\WINDOWS\system32\wshunix.dll

dbghelp: loaded successfully - version: 4.0.5 - missing functions: none
symbol engine: initialized successfully - sym options: 0x614 - pdb path: .;C:\Program Files\eclipse\plugins\org.eclipse.justj.openjdk.hotspot.jre.full.win32.x86_64_17.0.1.v20211116-1657\jre\bin;C:\WINDOWS\SYSTEM32;C:\WINDOWS\WinSxS\amd64_microsoft.windows.common-controls_6595b64144ccf1df_6.0.19041.1110_none_60b5254171f9507e;C:\Program Files\eclipse\plugins\org.eclipse.justj.openjdk.hotspot.jre.full.win32.x86_64_17.0.1.v20211116-1657\jre\bin\server

VM Arguments:
jvm_args: -Dfile.encoding=UTF-8 -XX:+ShowCodeDetailsInExceptionMessages 
java_command: com.cdac.MedicineTrackerAndPurchaseApplication
java_class_path (initial): C:\Users\HP\eclipse-workspace\medicine-tracker-and-purchase\target\classes;C:\Users\HP\.m2\repository\org\springframework\boot\spring-boot-starter-data-jpa\2.6.4\spring-boot-starter-data-jpa-2.6.4.jar;C:\Users\HP\.m2\repository\org\springframework\boot\spring-boot-starter-aop\2.6.4\spring-boot-starter-aop-2.6.4.jar;C:\Users\HP\.m2\repository\org\springframework\spring-aop\5.3.16\spring-aop-5.3.16.jar;C:\Users\HP\.m2\repository\org\aspectj\aspectjweaver\1.9.7\aspectjweaver-1.9.7.jar;C:\Users\HP\.m2\repository\org\springframework\boot\spring-boot-starter-jdbc\2.6.4\spring-boot-starter-jdbc-2.6.4.jar;C:\Users\HP\.m2\repository\com\zaxxer\HikariCP\4.0.3\HikariCP-4.0.3.jar;C:\Users\HP\.m2\repository\org\springframework\spring-jdbc\5.3.16\spring-jdbc-5.3.16.jar;C:\Users\HP\.m2\repository\jakarta\transaction\jakarta.transaction-api\1.3.3\jakarta.transaction-api-1.3.3.jar;C:\Users\HP\.m2\repository\jakarta\persistence\jakarta.persistence-api\2.2.3\jakarta.persistence-api-2.2.3.jar;C:\Users\HP\.m2\repository\org\hibernate\hibernate-core\5.6.5.Final\hibernate-core-5.6.5.Final.jar;C:\Users\HP\.m2\repository\org\jboss\logging\jboss-logging\3.4.3.Final\jboss-logging-3.4.3.Final.jar;C:\Users\HP\.m2\repository\net\bytebuddy\byte-buddy\1.11.22\byte-buddy-1.11.22.jar;C:\Users\HP\.m2\repository\antlr\antlr\2.7.7\antlr-2.7.7.jar;C:\Users\HP\.m2\repository\org\jboss\jandex\2.4.2.Final\jandex-2.4.2.Final.jar;C:\Users\HP\.m2\repository\com\fasterxml\classmate\1.5.1\classmate-1.5.1.jar;C:\Users\HP\.m2\repository\org\hibernate\common\hibernate-commons-annotations\5.1.2.Final\hibernate-commons-annotations-5.1.2.Final.jar;C:\Users\HP\.m2\repository\org\glassfish\jaxb\jaxb-runtime\2.3.6\jaxb-runtime-2.3.6.jar;C:\Users\HP\.m2\repository\org\glassfish\jaxb\txw2\2.3.6\txw2-2.3.6.jar;C:\Users\HP\.m2\repository\com\sun\istack\istack-commons-runtime\3.0.12\istack-commons-runtime-3.0.12.jar;C:\Users\HP\.m2\repository\com\sun\activation\jakarta.activation\1.2.2\jakarta.ac
Launcher Type: SUN_STANDARD

[Global flags]
     intx CICompilerCount                          = 4                                         {product} {ergonomic}
     uint ConcGCThreads                            = 2                                         {product} {ergonomic}
     uint G1ConcRefinementThreads                  = 8                                         {product} {ergonomic}
   size_t G1HeapRegionSize                         = 1048576                                   {product} {ergonomic}
    uintx GCDrainStackTargetSize                   = 64                                        {product} {ergonomic}
   size_t InitialHeapSize                          = 134217728                                 {product} {ergonomic}
   size_t MarkStackSize                            = 4194304                                   {product} {ergonomic}
   size_t MaxHeapSize                              = 2118123520                                {product} {ergonomic}
   size_t MaxNewSize                               = 1270874112                                {product} {ergonomic}
   size_t MinHeapDeltaBytes                        = 1048576                                   {product} {ergonomic}
   size_t MinHeapSize                              = 8388608                                   {product} {ergonomic}
    uintx NonNMethodCodeHeapSize                   = 5839372                                {pd product} {ergonomic}
    uintx NonProfiledCodeHeapSize                  = 122909434                              {pd product} {ergonomic}
    uintx ProfiledCodeHeapSize                     = 122909434                              {pd product} {ergonomic}
    uintx ReservedCodeCacheSize                    = 251658240                              {pd product} {ergonomic}
     bool SegmentedCodeCache                       = true                                      {product} {ergonomic}
     bool ShowCodeDetailsInExceptionMessages       = true                                   {manageable} {command line}
   size_t SoftMaxHeapSize                          = 2118123520                             {manageable} {ergonomic}
     bool UseCompressedClassPointers               = true                           {product lp64_product} {ergonomic}
     bool UseCompressedOops                        = true                           {product lp64_product} {ergonomic}
     bool UseG1GC                                  = true                                      {product} {ergonomic}
     bool UseLargePagesIndividualAllocation        = false                                  {pd product} {ergonomic}

Logging:
Log output configuration:
 #0: stdout all=warning uptime,level,tags
 #1: stderr all=off uptime,level,tags

Environment Variables:
PATH=C:/Program Files/eclipse//plugins/org.eclipse.justj.openjdk.hotspot.jre.full.win32.x86_64_17.0.1.v20211116-1657/jre/bin/server;C:/Program Files/eclipse//plugins/org.eclipse.justj.openjdk.hotspot.jre.full.win32.x86_64_17.0.1.v20211116-1657/jre/bin;C:\oraclexe\app\oracle\product\11.2.0\server\bin;C:\Program Files\Common Files\Oracle\Java\javapath;C:\Program Files\Python39\Scripts\;C:\Program Files\Python39\;C:\Program Files (x86)\Common Files\Oracle\Java\javapath;C:\ProgramData\Oracle\Java\javapath;"C:\ProgramData\Oracle\Java\javapath;C:\Program Files\Java\jre1.8.0_131\bin";";";C:\Program Files\Java\jdk1.8.0_131\bin;C:\Program Files (x86)\Intel\iCLS Client\;C:\Program Files\Intel\iCLS Client\;C:\windows\system32;C:\windows;C:\windows\System32\Wbem;C:\windows\System32\WindowsPowerShell\v1.0\;C:\Program Files (x86)\NVIDIA Corporation\PhysX\Common;C:\WINDOWS\system32;C:\WINDOWS;C:\WINDOWS\System32\Wbem;C:\WINDOWS\System32\WindowsPowerShell\v1.0\;C:\WINDOWS\System32\OpenSSH\;C:\Program Files (x86)\Intel\Intel(R) Management Engine Components\DAL;C:\Program Files\Intel\Intel(R) Management Engine Components\DAL;C:\Program Files (x86)\Intel\Intel(R) Management Engine Components\IPT;C:\Program Files\Intel\Intel(R) Management Engine Components\IPT;C:\Program Files\Intel\WiFi\bin\;C:\Program Files\Common Files\Intel\WirelessCommon\;C:\TDM-GCC-64\bin;C:\Program Files (x86)\Java\jdk1.6.0_11\bin;C:\Program Files (x86)\Java\jre6\bin;C:\Program Files\Java\jre1.8.0_131\bin;C:\Python;C:\Program Files\Java\jdk-16.0.1\bin;C:\Program Files\Git\cmd;C:\Program Files\nodejs\;C:\Program Files\dotnet\;C:\Program Files\Microsoft SQL Server\130\Tools\Binn\;C:\Program Files\Microsoft SQL Server\Client SDK\ODBC\170\Tools\Binn\;C:\Users\HP\AppData\Local\Programs\Python\Python37\Scripts\;C:\Users\HP\AppData\Local\Programs\Python\Python37\;C:\Python\Python37\Scripts\;C:\Python\Python37\;C:\Users\HP\AppData\Local\Microsoft\WindowsApps;C:\Program Files\JetBrains\PyCharm Community Edition 2021.1.1\bin
USERNAME=HP
OS=Windows_NT
PROCESSOR_IDENTIFIER=Intel64 Family 6 Model 142 Stepping 10, GenuineIntel



---------------  S Y S T E M  ---------------

OS:
 Windows 10 , 64 bit Build 19041 (10.0.19041.1566)
OS uptime: 0 days 14:33 hours
Hyper-V role detected

CPU: total 8 (initial active 8) (4 cores per cpu, 2 threads per core) family 6 model 142 stepping 10 microcode 0xea, cx8, cmov, fxsr, ht, mmx, 3dnowpref, sse, sse2, sse3, ssse3, sse4.1, sse4.2, popcnt, lzcnt, tsc, tscinvbit, avx, avx2, aes, erms, clmul, bmi1, bmi2, adx, fma, vzeroupper, clflush, clflushopt, hv

Memory: 4k page, system-wide physical 8078M (1036M free)
TotalPageFile size 32654M (AvailPageFile size 5M)
current process WorkingSet (physical memory assigned to process): 503M, peak: 507M
current process commit charge ("private bytes"): 598M, peak: 605M

vm_info: OpenJDK 64-Bit Server VM (17.0.1+12) for windows-amd64 JRE (17.0.1+12), built on Oct 20 2021 07:42:55 by "" with MS VC++ 16.7 (VS2019)

END.
